2025-12-09 02:16:26.887 [info] Reading sessions from keychain...
2025-12-09 02:16:26.887 [info] Getting sessions for all scopes...
2025-12-09 02:16:26.887 [info] Got stored sessions!
2025-12-09 02:16:26.887 [info] Got 1 verified sessions.
2025-12-09 02:16:26.887 [info] Got 1 sessions for ...
2025-12-09 02:16:26.887 [info] Getting sessions for all scopes...
2025-12-09 02:16:26.887 [info] Got 1 sessions for ...
2025-12-09 02:16:26.887 [info] Getting sessions for all scopes...
2025-12-09 02:16:26.887 [info] Got 1 sessions for ...
2025-12-09 02:16:26.887 [info] Getting sessions for all scopes...
2025-12-09 02:16:26.887 [info] Got 1 sessions for ...
2025-12-09 02:16:26.887 [info] Getting sessions for all scopes...
2025-12-09 02:16:26.887 [info] Got 1 sessions for ...
2025-12-09 02:16:26.887 [info] Getting sessions for all scopes...
2025-12-09 02:16:26.887 [info] Got 1 sessions for ...
2025-12-09 02:16:26.887 [info] Getting sessions for all scopes...
2025-12-09 02:16:26.887 [info] Got 1 sessions for ...
2025-12-09 02:16:26.887 [info] Getting sessions for all scopes...
2025-12-09 02:16:26.887 [info] Got 1 sessions for ...
2025-12-09 02:16:26.887 [info] Getting sessions for all scopes...
2025-12-09 02:16:26.887 [info] Got 1 sessions for ...
2025-12-09 02:16:26.891 [info] Getting sessions for all scopes...
2025-12-09 02:16:26.892 [info] Got 1 sessions for ...
2025-12-09 02:16:26.892 [info] Getting sessions for all scopes...
2025-12-09 02:16:26.892 [info] Got 1 sessions for ...
2025-12-09 02:16:26.892 [info] Getting sessions for all scopes...
2025-12-09 02:16:26.892 [info] Got 1 sessions for ...
2025-12-09 02:16:26.892 [info] Getting sessions for all scopes...
2025-12-09 02:16:26.892 [info] Got 1 sessions for ...
2025-12-09 02:16:26.892 [info] Getting sessions for all scopes...
2025-12-09 02:16:26.892 [info] Got 1 sessions for ...
2025-12-09 02:16:26.892 [info] Getting sessions for all scopes...
2025-12-09 02:16:26.892 [info] Got 1 sessions for ...
2025-12-09 02:16:28.092 [info] FetcherService: Electron fetch failed with status: 429 
2025-12-09 02:16:28.378 [info] FetcherService: Node fetch failed with status: 429 Too Many Requests
2025-12-09 02:16:28.511 [info] Getting sessions for all scopes...
2025-12-09 02:16:28.511 [info] Got 1 sessions for ...
2025-12-09 02:16:28.581 [info] FetcherService: Node http/s failed with status: 429 Too Many Requests
2025-12-09 02:16:32.276 [info] Getting sessions for all scopes...
2025-12-09 02:16:32.276 [info] Got 1 sessions for ...
2025-12-09 02:16:32.276 [info] Getting sessions for all scopes...
2025-12-09 02:16:32.276 [info] Got 1 sessions for ...
2025-12-09 02:16:32.327 [info] Getting sessions for all scopes...
2025-12-09 02:16:32.327 [info] Got 1 sessions for ...
2025-12-09 02:16:32.340 [info] Getting sessions for all scopes...
2025-12-09 02:16:32.340 [info] Got 1 sessions for ...
2025-12-09 02:16:32.340 [info] Getting sessions for all scopes...
2025-12-09 02:16:32.340 [info] Got 1 sessions for ...
2025-12-09 02:16:32.345 [info] Getting sessions for read:user,repo,user:email,workflow...
2025-12-09 02:16:32.345 [info] Got 1 sessions for read:user,repo,user:email,workflow...
2025-12-09 02:16:32.380 [info] Getting sessions for read:user,repo,user:email,workflow...
2025-12-09 02:16:32.380 [info] Got 1 sessions for read:user,repo,user:email,workflow...
2025-12-09 02:16:32.560 [info] Getting sessions for all scopes...
2025-12-09 02:16:32.560 [info] Got 1 sessions for ...
2025-12-09 02:16:32.561 [info] Getting sessions for all scopes...
2025-12-09 02:16:32.561 [info] Got 1 sessions for ...
2025-12-09 02:16:32.570 [info] Getting sessions for read:user,repo,user:email,workflow...
2025-12-09 02:16:32.570 [info] Got 1 sessions for read:user,repo,user:email,workflow...
2025-12-09 02:16:32.718 [info] Getting sessions for all scopes...
2025-12-09 02:16:32.718 [info] Got 1 sessions for ...
2025-12-09 02:16:32.718 [info] Getting sessions for all scopes...
2025-12-09 02:16:32.718 [info] Got 1 sessions for ...
2025-12-09 02:16:32.722 [info] Getting sessions for read:user,repo,user:email,workflow...
2025-12-09 02:16:32.722 [info] Got 1 sessions for read:user,repo,user:email,workflow...
2025-12-09 02:16:32.754 [info] Getting sessions for all scopes...
2025-12-09 02:16:32.754 [info] Got 1 sessions for ...
2025-12-09 02:16:32.758 [info] Getting sessions for all scopes...
2025-12-09 02:16:32.758 [info] Got 1 sessions for ...
2025-12-09 02:16:32.758 [info] Getting sessions for all scopes...
2025-12-09 02:16:32.758 [info] Got 1 sessions for ...
2025-12-09 02:16:32.759 [info] Getting sessions for all scopes...
2025-12-09 02:16:32.759 [info] Got 1 sessions for ...
2025-12-09 02:16:32.760 [info] Getting sessions for read:user,repo,user:email,workflow...
2025-12-09 02:16:32.760 [info] Got 1 sessions for read:user,repo,user:email,workflow...
2025-12-09 02:21:32.258 [info] Getting sessions for all scopes...
2025-12-09 02:21:32.259 [info] Got 1 sessions for ...
2025-12-09 02:21:32.260 [info] Getting sessions for read:user,repo,user:email,workflow...
2025-12-09 02:21:32.260 [info] Got 1 sessions for read:user,repo,user:email,workflow...
2025-12-09 02:26:32.258 [info] Getting sessions for all scopes...
2025-12-09 02:26:32.260 [info] Got 1 sessions for ...
2025-12-09 02:26:32.260 [info] Getting sessions for read:user,repo,user:email,workflow...
2025-12-09 02:26:32.260 [info] Got 1 sessions for read:user,repo,user:email,workflow...
2025-12-09 02:31:32.259 [info] Getting sessions for all scopes...
2025-12-09 02:31:32.259 [info] Got 1 sessions for ...
2025-12-09 02:31:32.261 [info] Getting sessions for read:user,repo,user:email,workflow...
2025-12-09 02:31:32.261 [info] Got 1 sessions for read:user,repo,user:email,workflow...
2025-12-09 02:36:32.266 [info] Getting sessions for all scopes...
2025-12-09 02:36:32.266 [info] Got 1 sessions for ...
2025-12-09 02:36:32.271 [info] Getting sessions for read:user,repo,user:email,workflow...
2025-12-09 02:36:32.271 [info] Got 1 sessions for read:user,repo,user:email,workflow...
2025-12-09 02:41:32.263 [info] Getting sessions for all scopes...
2025-12-09 02:41:32.263 [info] Got 1 sessions for ...
2025-12-09 02:41:32.264 [info] Getting sessions for read:user,repo,user:email,workflow...
2025-12-09 02:41:32.264 [info] Got 1 sessions for read:user,repo,user:email,workflow...
2025-12-09 02:46:32.267 [info] Getting sessions for all scopes...
2025-12-09 02:46:32.267 [info] Got 1 sessions for ...
2025-12-09 02:46:32.268 [info] Getting sessions for read:user,repo,user:email,workflow...
2025-12-09 02:46:32.268 [info] Got 1 sessions for read:user,repo,user:email,workflow...
2025-12-09 02:51:32.272 [info] Getting sessions for all scopes...
2025-12-09 02:51:32.272 [info] Got 1 sessions for ...
2025-12-09 02:51:32.273 [info] Getting sessions for read:user,repo,user:email,workflow...
2025-12-09 02:51:32.273 [info] Got 1 sessions for read:user,repo,user:email,workflow...
2025-12-09 02:56:32.274 [info] Getting sessions for all scopes...
2025-12-09 02:56:32.274 [info] Got 1 sessions for ...
2025-12-09 02:56:32.275 [info] Getting sessions for read:user,repo,user:email,workflow...
2025-12-09 02:56:32.275 [info] Got 1 sessions for read:user,repo,user:email,workflow...
2025-12-09 03:01:32.274 [info] Getting sessions for all scopes...
2025-12-09 03:01:32.274 [info] Got 1 sessions for ...
2025-12-09 03:01:32.275 [info] Getting sessions for read:user,repo,user:email,workflow...
2025-12-09 03:01:32.275 [info] Got 1 sessions for read:user,repo,user:email,workflow...
2025-12-09 03:06:32.286 [info] Getting sessions for all scopes...
2025-12-09 03:06:32.286 [info] Got 1 sessions for ...
2025-12-09 03:06:32.288 [info] Getting sessions for read:user,repo,user:email,workflow...
2025-12-09 03:06:32.288 [info] Got 1 sessions for read:user,repo,user:email,workflow...
2025-12-09 03:11:32.286 [info] Getting sessions for all scopes...
2025-12-09 03:11:32.286 [info] Got 1 sessions for ...
2025-12-09 03:11:32.287 [info] Getting sessions for read:user,repo,user:email,workflow...
2025-12-09 03:11:32.287 [info] Got 1 sessions for read:user,repo,user:email,workflow...
2025-12-09 03:16:32.288 [info] Getting sessions for all scopes...
2025-12-09 03:16:32.288 [info] Got 1 sessions for ...
2025-12-09 03:16:32.291 [info] Getting sessions for read:user,repo,user:email,workflow...
2025-12-09 03:16:32.291 [info] Got 1 sessions for read:user,repo,user:email,workflow...
2025-12-09 03:21:32.288 [info] Getting sessions for all scopes...
2025-12-09 03:21:32.288 [info] Got 1 sessions for ...
2025-12-09 03:21:32.289 [info] Getting sessions for read:user,repo,user:email,workflow...
2025-12-09 03:21:32.289 [info] Got 1 sessions for read:user,repo,user:email,workflow...
2025-12-09 03:26:32.290 [info] Getting sessions for all scopes...
2025-12-09 03:26:32.290 [info] Got 1 sessions for ...
2025-12-09 03:26:32.292 [info] Getting sessions for read:user,repo,user:email,workflow...
2025-12-09 03:26:32.292 [info] Got 1 sessions for read:user,repo,user:email,workflow...
2025-12-09 03:31:32.291 [info] Getting sessions for all scopes...
2025-12-09 03:31:32.291 [info] Got 1 sessions for ...
2025-12-09 03:31:32.293 [info] Getting sessions for read:user,repo,user:email,workflow...
2025-12-09 03:31:32.293 [info] Got 1 sessions for read:user,repo,user:email,workflow...
2025-12-09 03:36:32.301 [info] Getting sessions for all scopes...
2025-12-09 03:36:32.302 [info] Got 1 sessions for ...
2025-12-09 03:36:32.303 [info] Getting sessions for read:user,repo,user:email,workflow...
2025-12-09 03:36:32.303 [info] Got 1 sessions for read:user,repo,user:email,workflow...
2025-12-09 03:41:32.302 [info] Getting sessions for all scopes...
2025-12-09 03:41:32.302 [info] Got 1 sessions for ...
2025-12-09 03:41:32.303 [info] Getting sessions for read:user,repo,user:email,workflow...
2025-12-09 03:41:32.303 [info] Got 1 sessions for read:user,repo,user:email,workflow...
2025-12-09 03:46:32.313 [info] Getting sessions for all scopes...
2025-12-09 03:46:32.314 [info] Got 1 sessions for ...
2025-12-09 03:46:32.315 [info] Getting sessions for read:user,repo,user:email,workflow...
2025-12-09 03:46:32.315 [info] Got 1 sessions for read:user,repo,user:email,workflow...
2025-12-09 03:51:32.322 [info] Getting sessions for all scopes...
2025-12-09 03:51:32.322 [info] Got 1 sessions for ...
2025-12-09 03:51:32.323 [info] Getting sessions for read:user,repo,user:email,workflow...
2025-12-09 03:51:32.323 [info] Got 1 sessions for read:user,repo,user:email,workflow...
2025-12-09 03:56:32.331 [info] Getting sessions for all scopes...
2025-12-09 03:56:32.331 [info] Got 1 sessions for ...
2025-12-09 03:56:32.332 [info] Getting sessions for read:user,repo,user:email,workflow...
2025-12-09 03:56:32.332 [info] Got 1 sessions for read:user,repo,user:email,workflow...
2025-12-09 04:01:32.331 [info] Getting sessions for all scopes...
2025-12-09 04:01:32.331 [info] Got 1 sessions for ...
2025-12-09 04:01:32.332 [info] Getting sessions for read:user,repo,user:email,workflow...
2025-12-09 04:01:32.332 [info] Got 1 sessions for read:user,repo,user:email,workflow...
2025-12-09 04:06:32.368 [info] Getting sessions for all scopes...
2025-12-09 04:06:32.368 [info] Got 1 sessions for ...
2025-12-09 04:06:32.369 [info] Getting sessions for read:user,repo,user:email,workflow...
2025-12-09 04:06:32.369 [info] Got 1 sessions for read:user,repo,user:email,workflow...
2025-12-09 04:11:32.372 [info] Getting sessions for all scopes...
2025-12-09 04:11:32.373 [info] Got 1 sessions for ...
2025-12-09 04:11:32.373 [info] Getting sessions for read:user,repo,user:email,workflow...
2025-12-09 04:11:32.373 [info] Got 1 sessions for read:user,repo,user:email,workflow...
2025-12-09 04:16:32.374 [info] Getting sessions for all scopes...
2025-12-09 04:16:32.374 [info] Got 1 sessions for ...
2025-12-09 04:16:32.377 [info] Getting sessions for read:user,repo,user:email,workflow...
2025-12-09 04:16:32.377 [info] Got 1 sessions for read:user,repo,user:email,workflow...
2025-12-09 04:21:32.404 [info] Getting sessions for all scopes...
2025-12-09 04:21:32.404 [info] Got 1 sessions for ...
2025-12-09 04:21:32.407 [info] Getting sessions for read:user,repo,user:email,workflow...
2025-12-09 04:21:32.407 [info] Got 1 sessions for read:user,repo,user:email,workflow...
2025-12-09 04:26:32.406 [info] Getting sessions for all scopes...
2025-12-09 04:26:32.407 [info] Got 1 sessions for ...
2025-12-09 04:26:32.411 [info] Getting sessions for read:user,repo,user:email,workflow...
2025-12-09 04:26:32.411 [info] Got 1 sessions for read:user,repo,user:email,workflow...
2025-12-09 04:31:32.406 [info] Getting sessions for all scopes...
2025-12-09 04:31:32.406 [info] Got 1 sessions for ...
2025-12-09 04:31:32.409 [info] Getting sessions for read:user,repo,user:email,workflow...
2025-12-09 04:31:32.409 [info] Got 1 sessions for read:user,repo,user:email,workflow...
2025-12-09 04:36:32.407 [info] Getting sessions for all scopes...
2025-12-09 04:36:32.407 [info] Got 1 sessions for ...
2025-12-09 04:36:32.409 [info] Getting sessions for read:user,repo,user:email,workflow...
2025-12-09 04:36:32.410 [info] Got 1 sessions for read:user,repo,user:email,workflow...
2025-12-09 04:41:32.408 [info] Getting sessions for all scopes...
2025-12-09 04:41:32.408 [info] Got 1 sessions for ...
2025-12-09 04:41:32.410 [info] Getting sessions for read:user,repo,user:email,workflow...
2025-12-09 04:41:32.410 [info] Got 1 sessions for read:user,repo,user:email,workflow...
2025-12-09 04:46:32.408 [info] Getting sessions for all scopes...
2025-12-09 04:46:32.408 [info] Got 1 sessions for ...
2025-12-09 04:46:32.411 [info] Getting sessions for read:user,repo,user:email,workflow...
2025-12-09 04:46:32.411 [info] Got 1 sessions for read:user,repo,user:email,workflow...
2025-12-09 04:51:32.409 [info] Getting sessions for all scopes...
2025-12-09 04:51:32.410 [info] Got 1 sessions for ...
2025-12-09 04:51:32.412 [info] Getting sessions for read:user,repo,user:email,workflow...
2025-12-09 04:51:32.412 [info] Got 1 sessions for read:user,repo,user:email,workflow...
2025-12-09 04:56:32.415 [info] Getting sessions for all scopes...
2025-12-09 04:56:32.415 [info] Got 1 sessions for ...
2025-12-09 04:56:32.417 [info] Getting sessions for read:user,repo,user:email,workflow...
2025-12-09 04:56:32.418 [info] Got 1 sessions for read:user,repo,user:email,workflow...
2025-12-09 05:01:32.415 [info] Getting sessions for all scopes...
2025-12-09 05:01:32.415 [info] Got 1 sessions for ...
2025-12-09 05:01:32.417 [info] Getting sessions for read:user,repo,user:email,workflow...
2025-12-09 05:01:32.417 [info] Got 1 sessions for read:user,repo,user:email,workflow...
2025-12-09 05:06:32.416 [info] Getting sessions for all scopes...
2025-12-09 05:06:32.417 [info] Got 1 sessions for ...
2025-12-09 05:06:32.418 [info] Getting sessions for read:user,repo,user:email,workflow...
2025-12-09 05:06:32.418 [info] Got 1 sessions for read:user,repo,user:email,workflow...
2025-12-09 05:11:32.421 [info] Getting sessions for all scopes...
2025-12-09 05:11:32.421 [info] Got 1 sessions for ...
2025-12-09 05:11:32.422 [info] Getting sessions for read:user,repo,user:email,workflow...
2025-12-09 05:11:32.423 [info] Got 1 sessions for read:user,repo,user:email,workflow...
2025-12-09 05:16:32.422 [info] Getting sessions for all scopes...
2025-12-09 05:16:32.422 [info] Got 1 sessions for ...
2025-12-09 05:16:32.424 [info] Getting sessions for read:user,repo,user:email,workflow...
2025-12-09 05:16:32.424 [info] Got 1 sessions for read:user,repo,user:email,workflow...
2025-12-09 05:21:32.424 [info] Getting sessions for all scopes...
2025-12-09 05:21:32.424 [info] Got 1 sessions for ...
2025-12-09 05:21:32.426 [info] Getting sessions for read:user,repo,user:email,workflow...
2025-12-09 05:21:32.426 [info] Got 1 sessions for read:user,repo,user:email,workflow...
2025-12-09 05:26:32.428 [info] Getting sessions for all scopes...
2025-12-09 05:26:32.428 [info] Got 1 sessions for ...
2025-12-09 05:26:32.430 [info] Getting sessions for read:user,repo,user:email,workflow...
2025-12-09 05:26:32.430 [info] Got 1 sessions for read:user,repo,user:email,workflow...
2025-12-09 05:31:32.430 [info] Getting sessions for all scopes...
2025-12-09 05:31:32.430 [info] Got 1 sessions for ...
2025-12-09 05:31:32.432 [info] Getting sessions for read:user,repo,user:email,workflow...
2025-12-09 05:31:32.432 [info] Got 1 sessions for read:user,repo,user:email,workflow...
2025-12-09 05:36:32.453 [info] Getting sessions for all scopes...
2025-12-09 05:36:32.453 [info] Got 1 sessions for ...
2025-12-09 05:36:32.455 [info] Getting sessions for read:user,repo,user:email,workflow...
2025-12-09 05:36:32.455 [info] Got 1 sessions for read:user,repo,user:email,workflow...
2025-12-09 05:41:32.456 [info] Getting sessions for all scopes...
2025-12-09 05:41:32.456 [info] Got 1 sessions for ...
2025-12-09 05:41:32.459 [info] Getting sessions for read:user,repo,user:email,workflow...
2025-12-09 05:41:32.459 [info] Got 1 sessions for read:user,repo,user:email,workflow...
2025-12-09 05:46:32.467 [info] Getting sessions for all scopes...
2025-12-09 05:46:32.467 [info] Got 1 sessions for ...
2025-12-09 05:46:32.469 [info] Getting sessions for read:user,repo,user:email,workflow...
2025-12-09 05:46:32.469 [info] Got 1 sessions for read:user,repo,user:email,workflow...
2025-12-09 05:51:32.482 [info] Getting sessions for all scopes...
2025-12-09 05:51:32.482 [info] Got 1 sessions for ...
2025-12-09 05:51:32.485 [info] Getting sessions for read:user,repo,user:email,workflow...
2025-12-09 05:51:32.485 [info] Got 1 sessions for read:user,repo,user:email,workflow...
2025-12-09 05:56:32.489 [info] Getting sessions for all scopes...
2025-12-09 05:56:32.489 [info] Got 1 sessions for ...
2025-12-09 05:56:32.492 [info] Getting sessions for read:user,repo,user:email,workflow...
2025-12-09 05:56:32.492 [info] Got 1 sessions for read:user,repo,user:email,workflow...
2025-12-09 06:01:32.485 [info] Getting sessions for all scopes...
2025-12-09 06:01:32.485 [info] Got 1 sessions for ...
2025-12-09 06:01:32.487 [info] Getting sessions for read:user,repo,user:email,workflow...
2025-12-09 06:01:32.487 [info] Got 1 sessions for read:user,repo,user:email,workflow...
2025-12-09 06:06:32.497 [info] Getting sessions for all scopes...
2025-12-09 06:06:32.497 [info] Got 1 sessions for ...
2025-12-09 06:06:32.499 [info] Getting sessions for read:user,repo,user:email,workflow...
2025-12-09 06:06:32.499 [info] Got 1 sessions for read:user,repo,user:email,workflow...
2025-12-09 06:06:44.194 [info] Getting sessions for all scopes...
2025-12-09 06:06:44.194 [info] Got 1 sessions for ...
2025-12-09 06:06:44.194 [info] Getting sessions for all scopes...
2025-12-09 06:06:44.194 [info] Got 1 sessions for ...
2025-12-09 06:06:44.216 [info] Getting sessions for read:user,repo,user:email,workflow...
2025-12-09 06:06:44.216 [info] Got 1 sessions for read:user,repo,user:email,workflow...
2025-12-09 06:06:44.268 [info] Getting sessions for all scopes...
2025-12-09 06:06:44.268 [info] Got 1 sessions for ...
2025-12-09 06:06:44.346 [info] Getting sessions for read:user,repo,user:email,workflow...
2025-12-09 06:06:44.346 [info] Got 1 sessions for read:user,repo,user:email,workflow...
2025-12-09 06:06:44.781 [info] Getting sessions for all scopes...
2025-12-09 06:06:44.781 [info] Got 1 sessions for ...
2025-12-09 06:06:44.782 [info] Getting sessions for all scopes...
2025-12-09 06:06:44.782 [info] Got 1 sessions for ...
2025-12-09 06:06:44.802 [info] Getting sessions for all scopes...
2025-12-09 06:06:44.802 [info] Got 1 sessions for ...
2025-12-09 06:06:44.803 [info] Getting sessions for read:user,repo,user:email,workflow...
2025-12-09 06:06:44.803 [info] Got 1 sessions for read:user,repo,user:email,workflow...
2025-12-09 06:06:44.821 [info] Getting sessions for all scopes...
2025-12-09 06:06:44.821 [info] Got 1 sessions for ...
2025-12-09 06:06:44.823 [info] Getting sessions for read:user,repo,user:email,workflow...
2025-12-09 06:06:44.823 [info] Got 1 sessions for read:user,repo,user:email,workflow...
2025-12-09 06:11:32.497 [info] Getting sessions for all scopes...
2025-12-09 06:11:32.498 [info] Got 1 sessions for ...
2025-12-09 06:11:32.501 [info] Getting sessions for read:user,repo,user:email,workflow...
2025-12-09 06:11:32.501 [info] Got 1 sessions for read:user,repo,user:email,workflow...
2025-12-09 06:16:32.499 [info] Getting sessions for all scopes...
2025-12-09 06:16:32.499 [info] Got 1 sessions for ...
2025-12-09 06:16:32.502 [info] Getting sessions for read:user,repo,user:email,workflow...
2025-12-09 06:16:32.502 [info] Got 1 sessions for read:user,repo,user:email,workflow...
2025-12-09 06:21:32.511 [info] Getting sessions for all scopes...
2025-12-09 06:21:32.512 [info] Got 1 sessions for ...
2025-12-09 06:21:32.514 [info] Getting sessions for read:user,repo,user:email,workflow...
2025-12-09 06:21:32.514 [info] Got 1 sessions for read:user,repo,user:email,workflow...
2025-12-09 06:26:32.511 [info] Getting sessions for all scopes...
2025-12-09 06:26:32.511 [info] Got 1 sessions for ...
2025-12-09 06:26:32.520 [info] Getting sessions for read:user,repo,user:email,workflow...
2025-12-09 06:26:32.520 [info] Got 1 sessions for read:user,repo,user:email,workflow...
2025-12-09 06:31:32.517 [info] Getting sessions for all scopes...
2025-12-09 06:31:32.518 [info] Got 1 sessions for ...
2025-12-09 06:31:32.521 [info] Getting sessions for read:user,repo,user:email,workflow...
2025-12-09 06:31:32.521 [info] Got 1 sessions for read:user,repo,user:email,workflow...
2025-12-09 06:36:32.539 [info] Getting sessions for all scopes...
2025-12-09 06:36:32.540 [info] Got 1 sessions for ...
2025-12-09 06:36:32.542 [info] Getting sessions for read:user,repo,user:email,workflow...
2025-12-09 06:36:32.542 [info] Got 1 sessions for read:user,repo,user:email,workflow...
2025-12-09 06:41:32.541 [info] Getting sessions for all scopes...
2025-12-09 06:41:32.541 [info] Got 1 sessions for ...
2025-12-09 06:41:32.544 [info] Getting sessions for read:user,repo,user:email,workflow...
2025-12-09 06:41:32.544 [info] Got 1 sessions for read:user,repo,user:email,workflow...
2025-12-09 06:46:32.540 [info] Getting sessions for all scopes...
2025-12-09 06:46:32.540 [info] Got 1 sessions for ...
2025-12-09 06:46:32.542 [info] Getting sessions for read:user,repo,user:email,workflow...
2025-12-09 06:46:32.542 [info] Got 1 sessions for read:user,repo,user:email,workflow...
2025-12-09 06:51:32.549 [info] Getting sessions for all scopes...
2025-12-09 06:51:32.550 [info] Got 1 sessions for ...
2025-12-09 06:51:32.552 [info] Getting sessions for read:user,repo,user:email,workflow...
2025-12-09 06:51:32.553 [info] Got 1 sessions for read:user,repo,user:email,workflow...
2025-12-09 06:56:32.553 [info] Getting sessions for all scopes...
2025-12-09 06:56:32.553 [info] Got 1 sessions for ...
2025-12-09 06:56:32.559 [info] Getting sessions for read:user,repo,user:email,workflow...
2025-12-09 06:56:32.559 [info] Got 1 sessions for read:user,repo,user:email,workflow...
2025-12-09 07:02:09.924 [info] Getting sessions for all scopes...
2025-12-09 07:02:09.930 [info] Got 1 sessions for ...
2025-12-09 07:02:10.516 [info] Getting sessions for read:user,repo,user:email,workflow...
2025-12-09 07:02:10.519 [info] Got 1 sessions for read:user,repo,user:email,workflow...
2025-12-09 07:07:09.623 [info] Getting sessions for all scopes...
2025-12-09 07:07:09.623 [info] Got 1 sessions for ...
2025-12-09 07:07:09.627 [info] Getting sessions for read:user,repo,user:email,workflow...
2025-12-09 07:07:09.627 [info] Got 1 sessions for read:user,repo,user:email,workflow...
2025-12-09 07:12:09.645 [info] Getting sessions for all scopes...
2025-12-09 07:12:09.645 [info] Got 1 sessions for ...
2025-12-09 07:12:09.649 [info] Getting sessions for read:user,repo,user:email,workflow...
2025-12-09 07:12:09.649 [info] Got 1 sessions for read:user,repo,user:email,workflow...
2025-12-09 07:17:09.643 [info] Getting sessions for all scopes...
2025-12-09 07:17:09.643 [info] Got 1 sessions for ...
2025-12-09 07:17:09.644 [info] Getting sessions for read:user,repo,user:email,workflow...
2025-12-09 07:17:09.644 [info] Got 1 sessions for read:user,repo,user:email,workflow...
2025-12-09 07:22:09.646 [info] Getting sessions for all scopes...
2025-12-09 07:22:09.647 [info] Got 1 sessions for ...
2025-12-09 07:22:09.651 [info] Getting sessions for read:user,repo,user:email,workflow...
2025-12-09 07:22:09.651 [info] Got 1 sessions for read:user,repo,user:email,workflow...
2025-12-09 07:27:09.673 [info] Getting sessions for all scopes...
2025-12-09 07:27:09.673 [info] Got 1 sessions for ...
2025-12-09 07:27:09.677 [info] Getting sessions for read:user,repo,user:email,workflow...
2025-12-09 07:27:09.677 [info] Got 1 sessions for read:user,repo,user:email,workflow...
2025-12-09 07:32:09.672 [info] Getting sessions for all scopes...
2025-12-09 07:32:09.672 [info] Got 1 sessions for ...
2025-12-09 07:32:09.674 [info] Getting sessions for read:user,repo,user:email,workflow...
2025-12-09 07:32:09.674 [info] Got 1 sessions for read:user,repo,user:email,workflow...
2025-12-09 07:37:09.674 [info] Getting sessions for all scopes...
2025-12-09 07:37:09.674 [info] Got 1 sessions for ...
2025-12-09 07:37:09.677 [info] Getting sessions for read:user,repo,user:email,workflow...
2025-12-09 07:37:09.677 [info] Got 1 sessions for read:user,repo,user:email,workflow...
2025-12-09 07:42:09.688 [info] Getting sessions for all scopes...
2025-12-09 07:42:09.688 [info] Got 1 sessions for ...
2025-12-09 07:42:09.692 [info] Getting sessions for read:user,repo,user:email,workflow...
2025-12-09 07:42:09.692 [info] Got 1 sessions for read:user,repo,user:email,workflow...
2025-12-09 07:47:09.692 [info] Getting sessions for all scopes...
2025-12-09 07:47:09.692 [info] Got 1 sessions for ...
2025-12-09 07:47:09.696 [info] Getting sessions for read:user,repo,user:email,workflow...
2025-12-09 07:47:09.697 [info] Got 1 sessions for read:user,repo,user:email,workflow...
2025-12-09 07:52:09.692 [info] Getting sessions for all scopes...
2025-12-09 07:52:09.693 [info] Got 1 sessions for ...
2025-12-09 07:52:09.695 [info] Getting sessions for read:user,repo,user:email,workflow...
2025-12-09 07:52:09.696 [info] Got 1 sessions for read:user,repo,user:email,workflow...
2025-12-09 07:57:09.716 [info] Getting sessions for all scopes...
2025-12-09 07:57:09.716 [info] Got 1 sessions for ...
2025-12-09 07:57:09.719 [info] Getting sessions for read:user,repo,user:email,workflow...
2025-12-09 07:57:09.719 [info] Got 1 sessions for read:user,repo,user:email,workflow...
2025-12-09 08:02:09.719 [info] Getting sessions for all scopes...
2025-12-09 08:02:09.719 [info] Got 1 sessions for ...
2025-12-09 08:02:09.724 [info] Getting sessions for read:user,repo,user:email,workflow...
2025-12-09 08:02:09.725 [info] Got 1 sessions for read:user,repo,user:email,workflow...
2025-12-09 08:07:09.725 [info] Getting sessions for all scopes...
2025-12-09 08:07:09.725 [info] Got 1 sessions for ...
2025-12-09 08:07:09.732 [info] Getting sessions for read:user,repo,user:email,workflow...
2025-12-09 08:07:09.732 [info] Got 1 sessions for read:user,repo,user:email,workflow...
2025-12-09 08:12:09.746 [info] Getting sessions for all scopes...
2025-12-09 08:12:09.746 [info] Got 1 sessions for ...
2025-12-09 08:12:09.752 [info] Getting sessions for read:user,repo,user:email,workflow...
2025-12-09 08:12:09.752 [info] Got 1 sessions for read:user,repo,user:email,workflow...
2025-12-09 08:17:09.746 [info] Getting sessions for all scopes...
2025-12-09 08:17:09.746 [info] Got 1 sessions for ...
2025-12-09 08:17:09.751 [info] Getting sessions for read:user,repo,user:email,workflow...
2025-12-09 08:17:09.751 [info] Got 1 sessions for read:user,repo,user:email,workflow...
2025-12-09 08:22:09.749 [info] Getting sessions for all scopes...
2025-12-09 08:22:09.749 [info] Got 1 sessions for ...
2025-12-09 08:22:09.753 [info] Getting sessions for read:user,repo,user:email,workflow...
2025-12-09 08:22:09.753 [info] Got 1 sessions for read:user,repo,user:email,workflow...
2025-12-09 08:27:09.751 [info] Getting sessions for all scopes...
2025-12-09 08:27:09.752 [info] Got 1 sessions for ...
2025-12-09 08:27:09.755 [info] Getting sessions for read:user,repo,user:email,workflow...
2025-12-09 08:27:09.755 [info] Got 1 sessions for read:user,repo,user:email,workflow...
2025-12-09 08:32:09.755 [info] Getting sessions for all scopes...
2025-12-09 08:32:09.755 [info] Got 1 sessions for ...
2025-12-09 08:32:09.759 [info] Getting sessions for read:user,repo,user:email,workflow...
2025-12-09 08:32:09.759 [info] Got 1 sessions for read:user,repo,user:email,workflow...
2025-12-09 08:37:09.755 [info] Getting sessions for all scopes...
2025-12-09 08:37:09.755 [info] Got 1 sessions for ...
2025-12-09 08:37:09.759 [info] Getting sessions for read:user,repo,user:email,workflow...
2025-12-09 08:37:09.759 [info] Got 1 sessions for read:user,repo,user:email,workflow...
2025-12-09 08:42:09.774 [info] Getting sessions for all scopes...
2025-12-09 08:42:09.775 [info] Got 1 sessions for ...
2025-12-09 08:42:09.778 [info] Getting sessions for read:user,repo,user:email,workflow...
2025-12-09 08:42:09.778 [info] Got 1 sessions for read:user,repo,user:email,workflow...
2025-12-09 08:47:09.781 [info] Getting sessions for all scopes...
2025-12-09 08:47:09.782 [info] Got 1 sessions for ...
2025-12-09 08:47:09.785 [info] Getting sessions for read:user,repo,user:email,workflow...
2025-12-09 08:47:09.785 [info] Got 1 sessions for read:user,repo,user:email,workflow...
2025-12-09 08:52:09.791 [info] Getting sessions for all scopes...
2025-12-09 08:52:09.792 [info] Got 1 sessions for ...
2025-12-09 08:52:09.795 [info] Getting sessions for read:user,repo,user:email,workflow...
2025-12-09 08:52:09.795 [info] Got 1 sessions for read:user,repo,user:email,workflow...
2025-12-09 08:57:09.794 [info] Getting sessions for all scopes...
2025-12-09 08:57:09.794 [info] Got 1 sessions for ...
2025-12-09 08:57:09.815 [info] Getting sessions for read:user,repo,user:email,workflow...
2025-12-09 08:57:09.816 [info] Got 1 sessions for read:user,repo,user:email,workflow...
2025-12-09 09:02:09.796 [info] Getting sessions for all scopes...
2025-12-09 09:02:09.797 [info] Got 1 sessions for ...
2025-12-09 09:02:09.802 [info] Getting sessions for read:user,repo,user:email,workflow...
2025-12-09 09:02:09.802 [info] Got 1 sessions for read:user,repo,user:email,workflow...
2025-12-09 09:07:09.797 [info] Getting sessions for all scopes...
2025-12-09 09:07:09.797 [info] Got 1 sessions for ...
2025-12-09 09:07:09.801 [info] Getting sessions for read:user,repo,user:email,workflow...
2025-12-09 09:07:09.802 [info] Got 1 sessions for read:user,repo,user:email,workflow...
2025-12-09 09:12:09.825 [info] Getting sessions for all scopes...
2025-12-09 09:12:09.826 [info] Got 1 sessions for ...
2025-12-09 09:12:09.829 [info] Getting sessions for read:user,repo,user:email,workflow...
2025-12-09 09:12:09.829 [info] Got 1 sessions for read:user,repo,user:email,workflow...
2025-12-09 09:17:09.823 [info] Getting sessions for all scopes...
2025-12-09 09:17:09.824 [info] Got 1 sessions for ...
2025-12-09 09:17:09.829 [info] Getting sessions for read:user,repo,user:email,workflow...
2025-12-09 09:17:09.829 [info] Got 1 sessions for read:user,repo,user:email,workflow...
2025-12-09 09:22:09.829 [info] Getting sessions for all scopes...
2025-12-09 09:22:09.830 [info] Got 1 sessions for ...
2025-12-09 09:22:09.835 [info] Getting sessions for read:user,repo,user:email,workflow...
2025-12-09 09:22:09.835 [info] Got 1 sessions for read:user,repo,user:email,workflow...
2025-12-09 09:27:09.833 [info] Getting sessions for all scopes...
2025-12-09 09:27:09.834 [info] Got 1 sessions for ...
2025-12-09 09:27:09.837 [info] Getting sessions for read:user,repo,user:email,workflow...
2025-12-09 09:27:09.838 [info] Got 1 sessions for read:user,repo,user:email,workflow...
2025-12-09 09:32:09.831 [info] Getting sessions for all scopes...
2025-12-09 09:32:09.832 [info] Got 1 sessions for ...
2025-12-09 09:32:09.837 [info] Getting sessions for read:user,repo,user:email,workflow...
2025-12-09 09:32:09.837 [info] Got 1 sessions for read:user,repo,user:email,workflow...
2025-12-09 09:37:09.833 [info] Getting sessions for all scopes...
2025-12-09 09:37:09.833 [info] Got 1 sessions for ...
2025-12-09 09:37:09.837 [info] Getting sessions for read:user,repo,user:email,workflow...
2025-12-09 09:37:09.837 [info] Got 1 sessions for read:user,repo,user:email,workflow...
2025-12-09 09:42:09.850 [info] Getting sessions for all scopes...
2025-12-09 09:42:09.850 [info] Got 1 sessions for ...
2025-12-09 09:42:09.852 [info] Getting sessions for read:user,repo,user:email,workflow...
2025-12-09 09:42:09.852 [info] Got 1 sessions for read:user,repo,user:email,workflow...
2025-12-09 09:47:09.849 [info] Getting sessions for all scopes...
2025-12-09 09:47:09.850 [info] Got 1 sessions for ...
2025-12-09 09:47:09.852 [info] Getting sessions for read:user,repo,user:email,workflow...
2025-12-09 09:47:09.852 [info] Got 1 sessions for read:user,repo,user:email,workflow...
2025-12-09 09:52:09.859 [info] Getting sessions for all scopes...
2025-12-09 09:52:09.859 [info] Got 1 sessions for ...
2025-12-09 09:52:09.861 [info] Getting sessions for read:user,repo,user:email,workflow...
2025-12-09 09:52:09.861 [info] Got 1 sessions for read:user,repo,user:email,workflow...
2025-12-09 09:57:09.876 [info] Getting sessions for all scopes...
2025-12-09 09:57:09.876 [info] Got 1 sessions for ...
2025-12-09 09:57:09.878 [info] Getting sessions for read:user,repo,user:email,workflow...
2025-12-09 09:57:09.878 [info] Got 1 sessions for read:user,repo,user:email,workflow...
2025-12-09 10:02:09.877 [info] Getting sessions for all scopes...
2025-12-09 10:02:09.878 [info] Got 1 sessions for ...
2025-12-09 10:02:09.880 [info] Getting sessions for read:user,repo,user:email,workflow...
2025-12-09 10:02:09.880 [info] Got 1 sessions for read:user,repo,user:email,workflow...
2025-12-09 10:07:09.888 [info] Getting sessions for all scopes...
2025-12-09 10:07:09.888 [info] Got 1 sessions for ...
2025-12-09 10:07:09.891 [info] Getting sessions for read:user,repo,user:email,workflow...
2025-12-09 10:07:09.891 [info] Got 1 sessions for read:user,repo,user:email,workflow...
2025-12-09 10:12:09.890 [info] Getting sessions for all scopes...
2025-12-09 10:12:09.890 [info] Got 1 sessions for ...
2025-12-09 10:12:09.892 [info] Getting sessions for read:user,repo,user:email,workflow...
2025-12-09 10:12:09.892 [info] Got 1 sessions for read:user,repo,user:email,workflow...
2025-12-09 10:17:09.891 [info] Getting sessions for all scopes...
2025-12-09 10:17:09.891 [info] Got 1 sessions for ...
2025-12-09 10:17:09.894 [info] Getting sessions for read:user,repo,user:email,workflow...
2025-12-09 10:17:09.894 [info] Got 1 sessions for read:user,repo,user:email,workflow...
2025-12-09 10:22:09.892 [info] Getting sessions for all scopes...
2025-12-09 10:22:09.892 [info] Got 1 sessions for ...
2025-12-09 10:22:09.894 [info] Getting sessions for read:user,repo,user:email,workflow...
2025-12-09 10:22:09.895 [info] Got 1 sessions for read:user,repo,user:email,workflow...
2025-12-09 10:27:09.893 [info] Getting sessions for all scopes...
2025-12-09 10:27:09.893 [info] Got 1 sessions for ...
2025-12-09 10:27:09.896 [info] Getting sessions for read:user,repo,user:email,workflow...
2025-12-09 10:27:09.896 [info] Got 1 sessions for read:user,repo,user:email,workflow...
2025-12-09 10:32:09.896 [info] Getting sessions for all scopes...
2025-12-09 10:32:09.896 [info] Got 1 sessions for ...
2025-12-09 10:32:09.899 [info] Getting sessions for read:user,repo,user:email,workflow...
2025-12-09 10:32:09.899 [info] Got 1 sessions for read:user,repo,user:email,workflow...
2025-12-09 10:37:09.897 [info] Getting sessions for all scopes...
2025-12-09 10:37:09.897 [info] Got 1 sessions for ...
2025-12-09 10:37:09.900 [info] Getting sessions for read:user,repo,user:email,workflow...
2025-12-09 10:37:09.900 [info] Got 1 sessions for read:user,repo,user:email,workflow...
2025-12-09 10:42:09.910 [info] Getting sessions for all scopes...
2025-12-09 10:42:09.910 [info] Got 1 sessions for ...
2025-12-09 10:42:09.912 [info] Getting sessions for read:user,repo,user:email,workflow...
2025-12-09 10:42:09.912 [info] Got 1 sessions for read:user,repo,user:email,workflow...
2025-12-09 10:47:09.911 [info] Getting sessions for all scopes...
2025-12-09 10:47:09.912 [info] Got 1 sessions for ...
2025-12-09 10:47:09.914 [info] Getting sessions for read:user,repo,user:email,workflow...
2025-12-09 10:47:09.914 [info] Got 1 sessions for read:user,repo,user:email,workflow...
2025-12-09 10:52:09.913 [info] Getting sessions for all scopes...
2025-12-09 10:52:09.913 [info] Got 1 sessions for ...
2025-12-09 10:52:09.915 [info] Getting sessions for read:user,repo,user:email,workflow...
2025-12-09 10:52:09.915 [info] Got 1 sessions for read:user,repo,user:email,workflow...
2025-12-09 10:57:09.914 [info] Getting sessions for all scopes...
2025-12-09 10:57:09.914 [info] Got 1 sessions for ...
2025-12-09 10:57:09.915 [info] Getting sessions for read:user,repo,user:email,workflow...
2025-12-09 10:57:09.915 [info] Got 1 sessions for read:user,repo,user:email,workflow...
2025-12-09 11:02:09.915 [info] Getting sessions for all scopes...
2025-12-09 11:02:09.915 [info] Got 1 sessions for ...
2025-12-09 11:02:09.916 [info] Getting sessions for read:user,repo,user:email,workflow...
2025-12-09 11:02:09.916 [info] Got 1 sessions for read:user,repo,user:email,workflow...
2025-12-09 11:07:09.917 [info] Getting sessions for all scopes...
2025-12-09 11:07:09.917 [info] Got 1 sessions for ...
2025-12-09 11:07:09.920 [info] Getting sessions for read:user,repo,user:email,workflow...
2025-12-09 11:07:09.920 [info] Got 1 sessions for read:user,repo,user:email,workflow...
2025-12-09 11:12:09.919 [info] Getting sessions for all scopes...
2025-12-09 11:12:09.919 [info] Got 1 sessions for ...
2025-12-09 11:12:09.921 [info] Getting sessions for read:user,repo,user:email,workflow...
2025-12-09 11:12:09.921 [info] Got 1 sessions for read:user,repo,user:email,workflow...
2025-12-09 11:17:09.920 [info] Getting sessions for all scopes...
2025-12-09 11:17:09.920 [info] Got 1 sessions for ...
2025-12-09 11:17:09.922 [info] Getting sessions for read:user,repo,user:email,workflow...
2025-12-09 11:17:09.922 [info] Got 1 sessions for read:user,repo,user:email,workflow...
2025-12-09 11:22:09.922 [info] Getting sessions for all scopes...
2025-12-09 11:22:09.922 [info] Got 1 sessions for ...
2025-12-09 11:22:09.925 [info] Getting sessions for read:user,repo,user:email,workflow...
2025-12-09 11:22:09.925 [info] Got 1 sessions for read:user,repo,user:email,workflow...
2025-12-09 11:27:09.940 [info] Getting sessions for all scopes...
2025-12-09 11:27:09.941 [info] Got 1 sessions for ...
2025-12-09 11:27:09.943 [info] Getting sessions for read:user,repo,user:email,workflow...
2025-12-09 11:27:09.943 [info] Got 1 sessions for read:user,repo,user:email,workflow...
2025-12-09 11:32:09.941 [info] Getting sessions for all scopes...
2025-12-09 11:32:09.941 [info] Got 1 sessions for ...
2025-12-09 11:32:09.944 [info] Getting sessions for read:user,repo,user:email,workflow...
2025-12-09 11:32:09.944 [info] Got 1 sessions for read:user,repo,user:email,workflow...
2025-12-09 11:37:09.951 [info] Getting sessions for all scopes...
2025-12-09 11:37:09.951 [info] Got 1 sessions for ...
2025-12-09 11:37:09.953 [info] Getting sessions for read:user,repo,user:email,workflow...
2025-12-09 11:37:09.954 [info] Got 1 sessions for read:user,repo,user:email,workflow...
2025-12-09 11:42:09.969 [info] Getting sessions for all scopes...
2025-12-09 11:42:09.969 [info] Got 1 sessions for ...
2025-12-09 11:42:09.973 [info] Getting sessions for read:user,repo,user:email,workflow...
2025-12-09 11:42:09.974 [info] Got 1 sessions for read:user,repo,user:email,workflow...
2025-12-09 11:47:09.966 [info] Getting sessions for all scopes...
2025-12-09 11:47:09.966 [info] Got 1 sessions for ...
2025-12-09 11:47:09.970 [info] Getting sessions for read:user,repo,user:email,workflow...
2025-12-09 11:47:09.971 [info] Got 1 sessions for read:user,repo,user:email,workflow...
2025-12-09 11:52:09.969 [info] Getting sessions for all scopes...
2025-12-09 11:52:09.970 [info] Got 1 sessions for ...
2025-12-09 11:52:09.972 [info] Getting sessions for read:user,repo,user:email,workflow...
2025-12-09 11:52:09.972 [info] Got 1 sessions for read:user,repo,user:email,workflow...
2025-12-09 11:57:09.982 [info] Getting sessions for all scopes...
2025-12-09 11:57:09.982 [info] Got 1 sessions for ...
2025-12-09 11:57:09.985 [info] Getting sessions for read:user,repo,user:email,workflow...
2025-12-09 11:57:09.985 [info] Got 1 sessions for read:user,repo,user:email,workflow...
2025-12-09 12:02:09.986 [info] Getting sessions for all scopes...
2025-12-09 12:02:09.986 [info] Got 1 sessions for ...
2025-12-09 12:02:09.988 [info] Getting sessions for read:user,repo,user:email,workflow...
2025-12-09 12:02:09.988 [info] Got 1 sessions for read:user,repo,user:email,workflow...
2025-12-09 12:07:09.988 [info] Getting sessions for all scopes...
2025-12-09 12:07:09.989 [info] Got 1 sessions for ...
2025-12-09 12:07:09.990 [info] Getting sessions for read:user,repo,user:email,workflow...
2025-12-09 12:07:09.990 [info] Got 1 sessions for read:user,repo,user:email,workflow...
2025-12-09 12:12:09.997 [info] Getting sessions for all scopes...
2025-12-09 12:12:09.997 [info] Got 1 sessions for ...
2025-12-09 12:12:09.999 [info] Getting sessions for read:user,repo,user:email,workflow...
2025-12-09 12:12:09.999 [info] Got 1 sessions for read:user,repo,user:email,workflow...
2025-12-09 12:17:09.998 [info] Getting sessions for all scopes...
2025-12-09 12:17:09.998 [info] Got 1 sessions for ...
2025-12-09 12:17:09.999 [info] Getting sessions for read:user,repo,user:email,workflow...
2025-12-09 12:17:09.999 [info] Got 1 sessions for read:user,repo,user:email,workflow...
2025-12-09 12:22:09.999 [info] Getting sessions for all scopes...
2025-12-09 12:22:09.999 [info] Got 1 sessions for ...
2025-12-09 12:22:10.001 [info] Getting sessions for read:user,repo,user:email,workflow...
2025-12-09 12:22:10.001 [info] Got 1 sessions for read:user,repo,user:email,workflow...
2025-12-09 12:27:10.001 [info] Getting sessions for all scopes...
2025-12-09 12:27:10.001 [info] Got 1 sessions for ...
2025-12-09 12:27:10.003 [info] Getting sessions for read:user,repo,user:email,workflow...
2025-12-09 12:27:10.003 [info] Got 1 sessions for read:user,repo,user:email,workflow...
2025-12-09 12:32:10.002 [info] Getting sessions for all scopes...
2025-12-09 12:32:10.002 [info] Got 1 sessions for ...
2025-12-09 12:32:10.004 [info] Getting sessions for read:user,repo,user:email,workflow...
2025-12-09 12:32:10.004 [info] Got 1 sessions for read:user,repo,user:email,workflow...
2025-12-09 12:37:10.004 [info] Getting sessions for all scopes...
2025-12-09 12:37:10.004 [info] Got 1 sessions for ...
2025-12-09 12:37:10.007 [info] Getting sessions for read:user,repo,user:email,workflow...
2025-12-09 12:37:10.007 [info] Got 1 sessions for read:user,repo,user:email,workflow...
2025-12-09 12:42:10.014 [info] Getting sessions for all scopes...
2025-12-09 12:42:10.014 [info] Got 1 sessions for ...
2025-12-09 12:42:10.017 [info] Getting sessions for read:user,repo,user:email,workflow...
2025-12-09 12:42:10.017 [info] Got 1 sessions for read:user,repo,user:email,workflow...
2025-12-09 12:47:10.016 [info] Getting sessions for all scopes...
2025-12-09 12:47:10.016 [info] Got 1 sessions for ...
2025-12-09 12:47:10.018 [info] Getting sessions for read:user,repo,user:email,workflow...
2025-12-09 12:47:10.019 [info] Got 1 sessions for read:user,repo,user:email,workflow...
2025-12-09 12:52:10.019 [info] Getting sessions for all scopes...
2025-12-09 12:52:10.019 [info] Got 1 sessions for ...
2025-12-09 12:52:10.021 [info] Getting sessions for read:user,repo,user:email,workflow...
2025-12-09 12:52:10.021 [info] Got 1 sessions for read:user,repo,user:email,workflow...
2025-12-09 12:57:10.019 [info] Getting sessions for all scopes...
2025-12-09 12:57:10.019 [info] Got 1 sessions for ...
2025-12-09 12:57:10.022 [info] Getting sessions for read:user,repo,user:email,workflow...
2025-12-09 12:57:10.022 [info] Got 1 sessions for read:user,repo,user:email,workflow...
2025-12-09 13:02:10.023 [info] Getting sessions for all scopes...
2025-12-09 13:02:10.023 [info] Got 1 sessions for ...
2025-12-09 13:02:10.026 [info] Getting sessions for read:user,repo,user:email,workflow...
2025-12-09 13:02:10.026 [info] Got 1 sessions for read:user,repo,user:email,workflow...
2025-12-09 13:07:10.029 [info] Getting sessions for all scopes...
2025-12-09 13:07:10.029 [info] Got 1 sessions for ...
2025-12-09 13:07:10.032 [info] Getting sessions for read:user,repo,user:email,workflow...
2025-12-09 13:07:10.032 [info] Got 1 sessions for read:user,repo,user:email,workflow...
2025-12-09 13:12:10.031 [info] Getting sessions for all scopes...
2025-12-09 13:12:10.032 [info] Got 1 sessions for ...
2025-12-09 13:12:10.034 [info] Getting sessions for read:user,repo,user:email,workflow...
2025-12-09 13:12:10.034 [info] Got 1 sessions for read:user,repo,user:email,workflow...
2025-12-09 13:17:10.033 [info] Getting sessions for all scopes...
2025-12-09 13:17:10.033 [info] Got 1 sessions for ...
2025-12-09 13:17:10.037 [info] Getting sessions for read:user,repo,user:email,workflow...
2025-12-09 13:17:10.037 [info] Got 1 sessions for read:user,repo,user:email,workflow...
2025-12-09 13:22:10.036 [info] Getting sessions for all scopes...
2025-12-09 13:22:10.036 [info] Got 1 sessions for ...
2025-12-09 13:22:10.036 [info] Getting sessions for read:user,repo,user:email,workflow...
2025-12-09 13:22:10.036 [info] Got 1 sessions for read:user,repo,user:email,workflow...
2025-12-09 13:27:10.047 [info] Getting sessions for all scopes...
2025-12-09 13:27:10.047 [info] Got 1 sessions for ...
2025-12-09 13:27:10.050 [info] Getting sessions for read:user,repo,user:email,workflow...
2025-12-09 13:27:10.050 [info] Got 1 sessions for read:user,repo,user:email,workflow...
2025-12-09 13:32:10.049 [info] Getting sessions for all scopes...
2025-12-09 13:32:10.050 [info] Got 1 sessions for ...
2025-12-09 13:32:10.052 [info] Getting sessions for read:user,repo,user:email,workflow...
2025-12-09 13:32:10.052 [info] Got 1 sessions for read:user,repo,user:email,workflow...
2025-12-09 13:37:10.049 [info] Getting sessions for all scopes...
2025-12-09 13:37:10.049 [info] Got 1 sessions for ...
2025-12-09 13:37:10.052 [info] Getting sessions for read:user,repo,user:email,workflow...
2025-12-09 13:37:10.052 [info] Got 1 sessions for read:user,repo,user:email,workflow...
2025-12-09 13:42:10.058 [info] Getting sessions for all scopes...
2025-12-09 13:42:10.059 [info] Got 1 sessions for ...
2025-12-09 13:42:10.062 [info] Getting sessions for read:user,repo,user:email,workflow...
2025-12-09 13:42:10.062 [info] Got 1 sessions for read:user,repo,user:email,workflow...
2025-12-09 13:47:10.057 [info] Getting sessions for all scopes...
2025-12-09 13:47:10.057 [info] Got 1 sessions for ...
2025-12-09 13:47:10.062 [info] Getting sessions for read:user,repo,user:email,workflow...
2025-12-09 13:47:10.063 [info] Got 1 sessions for read:user,repo,user:email,workflow...
2025-12-09 13:52:10.062 [info] Getting sessions for all scopes...
2025-12-09 13:52:10.062 [info] Got 1 sessions for ...
2025-12-09 13:52:10.064 [info] Getting sessions for read:user,repo,user:email,workflow...
2025-12-09 13:52:10.064 [info] Got 1 sessions for read:user,repo,user:email,workflow...
2025-12-09 13:57:10.064 [info] Getting sessions for all scopes...
2025-12-09 13:57:10.064 [info] Got 1 sessions for ...
2025-12-09 13:57:10.067 [info] Getting sessions for read:user,repo,user:email,workflow...
2025-12-09 13:57:10.067 [info] Got 1 sessions for read:user,repo,user:email,workflow...
2025-12-09 14:02:10.066 [info] Getting sessions for all scopes...
2025-12-09 14:02:10.066 [info] Got 1 sessions for ...
2025-12-09 14:02:10.068 [info] Getting sessions for read:user,repo,user:email,workflow...
2025-12-09 14:02:10.068 [info] Got 1 sessions for read:user,repo,user:email,workflow...
2025-12-09 14:07:10.073 [info] Getting sessions for all scopes...
2025-12-09 14:07:10.073 [info] Got 1 sessions for ...
2025-12-09 14:07:10.079 [info] Getting sessions for read:user,repo,user:email,workflow...
2025-12-09 14:07:10.079 [info] Got 1 sessions for read:user,repo,user:email,workflow...
2025-12-09 14:12:10.083 [info] Getting sessions for all scopes...
2025-12-09 14:12:10.083 [info] Got 1 sessions for ...
2025-12-09 14:12:10.086 [info] Getting sessions for read:user,repo,user:email,workflow...
2025-12-09 14:12:10.086 [info] Got 1 sessions for read:user,repo,user:email,workflow...
2025-12-09 14:17:10.084 [info] Getting sessions for all scopes...
2025-12-09 14:17:10.084 [info] Got 1 sessions for ...
2025-12-09 14:17:10.086 [info] Getting sessions for read:user,repo,user:email,workflow...
2025-12-09 14:17:10.086 [info] Got 1 sessions for read:user,repo,user:email,workflow...
2025-12-09 14:22:10.090 [info] Getting sessions for all scopes...
2025-12-09 14:22:10.091 [info] Got 1 sessions for ...
2025-12-09 14:22:10.093 [info] Getting sessions for read:user,repo,user:email,workflow...
2025-12-09 14:22:10.093 [info] Got 1 sessions for read:user,repo,user:email,workflow...
2025-12-09 14:27:10.101 [info] Getting sessions for all scopes...
2025-12-09 14:27:10.101 [info] Got 1 sessions for ...
2025-12-09 14:27:10.104 [info] Getting sessions for read:user,repo,user:email,workflow...
2025-12-09 14:27:10.104 [info] Got 1 sessions for read:user,repo,user:email,workflow...
2025-12-09 14:32:10.102 [info] Getting sessions for all scopes...
2025-12-09 14:32:10.102 [info] Got 1 sessions for ...
2025-12-09 14:32:10.105 [info] Getting sessions for read:user,repo,user:email,workflow...
2025-12-09 14:32:10.105 [info] Got 1 sessions for read:user,repo,user:email,workflow...
2025-12-09 14:37:10.107 [info] Getting sessions for all scopes...
2025-12-09 14:37:10.107 [info] Got 1 sessions for ...
2025-12-09 14:37:10.111 [info] Getting sessions for read:user,repo,user:email,workflow...
2025-12-09 14:37:10.111 [info] Got 1 sessions for read:user,repo,user:email,workflow...
2025-12-09 14:42:10.105 [info] Getting sessions for all scopes...
2025-12-09 14:42:10.105 [info] Got 1 sessions for ...
2025-12-09 14:42:10.108 [info] Getting sessions for read:user,repo,user:email,workflow...
2025-12-09 14:42:10.108 [info] Got 1 sessions for read:user,repo,user:email,workflow...
2025-12-09 14:47:10.106 [info] Getting sessions for all scopes...
2025-12-09 14:47:10.106 [info] Got 1 sessions for ...
2025-12-09 14:47:10.109 [info] Getting sessions for read:user,repo,user:email,workflow...
2025-12-09 14:47:10.109 [info] Got 1 sessions for read:user,repo,user:email,workflow...
2025-12-09 14:52:10.120 [info] Getting sessions for all scopes...
2025-12-09 14:52:10.121 [info] Got 1 sessions for ...
2025-12-09 14:52:10.124 [info] Getting sessions for read:user,repo,user:email,workflow...
2025-12-09 14:52:10.124 [info] Got 1 sessions for read:user,repo,user:email,workflow...
2025-12-09 14:57:10.125 [info] Getting sessions for all scopes...
2025-12-09 14:57:10.125 [info] Got 1 sessions for ...
2025-12-09 14:57:10.127 [info] Getting sessions for read:user,repo,user:email,workflow...
2025-12-09 14:57:10.127 [info] Got 1 sessions for read:user,repo,user:email,workflow...
2025-12-09 15:02:10.129 [info] Getting sessions for all scopes...
2025-12-09 15:02:10.129 [info] Got 1 sessions for ...
2025-12-09 15:02:10.132 [info] Getting sessions for read:user,repo,user:email,workflow...
2025-12-09 15:02:10.132 [info] Got 1 sessions for read:user,repo,user:email,workflow...
2025-12-09 15:07:10.129 [info] Getting sessions for all scopes...
2025-12-09 15:07:10.129 [info] Got 1 sessions for ...
2025-12-09 15:07:10.131 [info] Getting sessions for read:user,repo,user:email,workflow...
2025-12-09 15:07:10.131 [info] Got 1 sessions for read:user,repo,user:email,workflow...
2025-12-09 15:12:10.132 [info] Getting sessions for all scopes...
2025-12-09 15:12:10.132 [info] Got 1 sessions for ...
2025-12-09 15:12:10.135 [info] Getting sessions for read:user,repo,user:email,workflow...
2025-12-09 15:12:10.135 [info] Got 1 sessions for read:user,repo,user:email,workflow...
2025-12-09 15:17:10.133 [info] Getting sessions for all scopes...
2025-12-09 15:17:10.133 [info] Got 1 sessions for ...
2025-12-09 15:17:10.136 [info] Getting sessions for read:user,repo,user:email,workflow...
2025-12-09 15:17:10.136 [info] Got 1 sessions for read:user,repo,user:email,workflow...
2025-12-09 15:22:10.131 [info] Getting sessions for all scopes...
2025-12-09 15:22:10.131 [info] Got 1 sessions for ...
2025-12-09 15:22:10.133 [info] Getting sessions for read:user,repo,user:email,workflow...
2025-12-09 15:22:10.134 [info] Got 1 sessions for read:user,repo,user:email,workflow...
2025-12-09 15:27:10.142 [info] Getting sessions for all scopes...
2025-12-09 15:27:10.142 [info] Got 1 sessions for ...
2025-12-09 15:27:10.145 [info] Getting sessions for read:user,repo,user:email,workflow...
2025-12-09 15:27:10.145 [info] Got 1 sessions for read:user,repo,user:email,workflow...
2025-12-09 15:32:10.144 [info] Getting sessions for all scopes...
2025-12-09 15:32:10.145 [info] Got 1 sessions for ...
2025-12-09 15:32:10.147 [info] Getting sessions for read:user,repo,user:email,workflow...
2025-12-09 15:32:10.147 [info] Got 1 sessions for read:user,repo,user:email,workflow...
2025-12-09 15:37:10.154 [info] Getting sessions for all scopes...
2025-12-09 15:37:10.154 [info] Got 1 sessions for ...
2025-12-09 15:37:10.156 [info] Getting sessions for read:user,repo,user:email,workflow...
2025-12-09 15:37:10.156 [info] Got 1 sessions for read:user,repo,user:email,workflow...
2025-12-09 15:42:10.159 [info] Getting sessions for all scopes...
2025-12-09 15:42:10.160 [info] Got 1 sessions for ...
2025-12-09 15:42:10.164 [info] Getting sessions for read:user,repo,user:email,workflow...
2025-12-09 15:42:10.164 [info] Got 1 sessions for read:user,repo,user:email,workflow...
2025-12-09 15:47:10.157 [info] Getting sessions for all scopes...
2025-12-09 15:47:10.157 [info] Got 1 sessions for ...
2025-12-09 15:47:10.161 [info] Getting sessions for read:user,repo,user:email,workflow...
2025-12-09 15:47:10.161 [info] Got 1 sessions for read:user,repo,user:email,workflow...
2025-12-09 15:52:10.163 [info] Getting sessions for all scopes...
2025-12-09 15:52:10.163 [info] Got 1 sessions for ...
2025-12-09 15:52:10.166 [info] Getting sessions for read:user,repo,user:email,workflow...
2025-12-09 15:52:10.166 [info] Got 1 sessions for read:user,repo,user:email,workflow...
2025-12-09 15:57:10.165 [info] Getting sessions for all scopes...
2025-12-09 15:57:10.165 [info] Got 1 sessions for ...
2025-12-09 15:57:10.168 [info] Getting sessions for read:user,repo,user:email,workflow...
2025-12-09 15:57:10.169 [info] Got 1 sessions for read:user,repo,user:email,workflow...
2025-12-09 16:02:10.167 [info] Getting sessions for all scopes...
2025-12-09 16:02:10.167 [info] Got 1 sessions for ...
2025-12-09 16:02:10.170 [info] Getting sessions for read:user,repo,user:email,workflow...
2025-12-09 16:02:10.170 [info] Got 1 sessions for read:user,repo,user:email,workflow...
2025-12-09 16:07:10.173 [info] Getting sessions for all scopes...
2025-12-09 16:07:10.173 [info] Got 1 sessions for ...
2025-12-09 16:07:10.175 [info] Getting sessions for read:user,repo,user:email,workflow...
2025-12-09 16:07:10.176 [info] Got 1 sessions for read:user,repo,user:email,workflow...
2025-12-09 16:12:10.176 [info] Getting sessions for all scopes...
2025-12-09 16:12:10.177 [info] Got 1 sessions for ...
2025-12-09 16:12:10.180 [info] Getting sessions for read:user,repo,user:email,workflow...
2025-12-09 16:12:10.180 [info] Got 1 sessions for read:user,repo,user:email,workflow...
2025-12-09 16:17:10.175 [info] Getting sessions for all scopes...
2025-12-09 16:17:10.175 [info] Got 1 sessions for ...
2025-12-09 16:17:10.177 [info] Getting sessions for read:user,repo,user:email,workflow...
2025-12-09 16:17:10.177 [info] Got 1 sessions for read:user,repo,user:email,workflow...
2025-12-09 16:22:10.183 [info] Getting sessions for all scopes...
2025-12-09 16:22:10.183 [info] Got 1 sessions for ...
2025-12-09 16:22:10.185 [info] Getting sessions for read:user,repo,user:email,workflow...
2025-12-09 16:22:10.186 [info] Got 1 sessions for read:user,repo,user:email,workflow...
2025-12-09 16:27:10.184 [info] Getting sessions for all scopes...
2025-12-09 16:27:10.185 [info] Got 1 sessions for ...
2025-12-09 16:27:10.188 [info] Getting sessions for read:user,repo,user:email,workflow...
2025-12-09 16:27:10.188 [info] Got 1 sessions for read:user,repo,user:email,workflow...
2025-12-09 16:32:10.186 [info] Getting sessions for all scopes...
2025-12-09 16:32:10.187 [info] Got 1 sessions for ...
2025-12-09 16:32:10.190 [info] Getting sessions for read:user,repo,user:email,workflow...
2025-12-09 16:32:10.190 [info] Got 1 sessions for read:user,repo,user:email,workflow...
2025-12-09 16:37:10.189 [info] Getting sessions for all scopes...
2025-12-09 16:37:10.189 [info] Got 1 sessions for ...
2025-12-09 16:37:10.192 [info] Getting sessions for read:user,repo,user:email,workflow...
2025-12-09 16:37:10.192 [info] Got 1 sessions for read:user,repo,user:email,workflow...
2025-12-09 16:42:10.196 [info] Getting sessions for all scopes...
2025-12-09 16:42:10.196 [info] Got 1 sessions for ...
2025-12-09 16:42:10.200 [info] Getting sessions for read:user,repo,user:email,workflow...
2025-12-09 16:42:10.200 [info] Got 1 sessions for read:user,repo,user:email,workflow...
2025-12-09 16:47:10.196 [info] Getting sessions for all scopes...
2025-12-09 16:47:10.197 [info] Got 1 sessions for ...
2025-12-09 16:47:10.199 [info] Getting sessions for read:user,repo,user:email,workflow...
2025-12-09 16:47:10.200 [info] Got 1 sessions for read:user,repo,user:email,workflow...
2025-12-09 16:52:10.198 [info] Getting sessions for all scopes...
2025-12-09 16:52:10.198 [info] Got 1 sessions for ...
2025-12-09 16:52:10.201 [info] Getting sessions for read:user,repo,user:email,workflow...
2025-12-09 16:52:10.201 [info] Got 1 sessions for read:user,repo,user:email,workflow...
2025-12-09 16:57:10.199 [info] Getting sessions for all scopes...
2025-12-09 16:57:10.199 [info] Got 1 sessions for ...
2025-12-09 16:57:10.201 [info] Getting sessions for read:user,repo,user:email,workflow...
2025-12-09 16:57:10.201 [info] Got 1 sessions for read:user,repo,user:email,workflow...
2025-12-09 17:02:10.202 [info] Getting sessions for all scopes...
2025-12-09 17:02:10.202 [info] Got 1 sessions for ...
2025-12-09 17:02:10.204 [info] Getting sessions for read:user,repo,user:email,workflow...
2025-12-09 17:02:10.205 [info] Got 1 sessions for read:user,repo,user:email,workflow...
2025-12-09 17:07:10.203 [info] Getting sessions for all scopes...
2025-12-09 17:07:10.204 [info] Got 1 sessions for ...
2025-12-09 17:07:10.207 [info] Getting sessions for read:user,repo,user:email,workflow...
2025-12-09 17:07:10.207 [info] Got 1 sessions for read:user,repo,user:email,workflow...
2025-12-09 17:12:10.214 [info] Getting sessions for all scopes...
2025-12-09 17:12:10.214 [info] Got 1 sessions for ...
2025-12-09 17:12:10.216 [info] Getting sessions for read:user,repo,user:email,workflow...
2025-12-09 17:12:10.216 [info] Got 1 sessions for read:user,repo,user:email,workflow...
2025-12-09 17:17:10.215 [info] Getting sessions for all scopes...
2025-12-09 17:17:10.215 [info] Got 1 sessions for ...
2025-12-09 17:17:10.218 [info] Getting sessions for read:user,repo,user:email,workflow...
2025-12-09 17:17:10.218 [info] Got 1 sessions for read:user,repo,user:email,workflow...
2025-12-09 17:22:10.215 [info] Getting sessions for all scopes...
2025-12-09 17:22:10.215 [info] Got 1 sessions for ...
2025-12-09 17:22:10.218 [info] Getting sessions for read:user,repo,user:email,workflow...
2025-12-09 17:22:10.218 [info] Got 1 sessions for read:user,repo,user:email,workflow...
2025-12-09 17:27:10.222 [info] Getting sessions for all scopes...
2025-12-09 17:27:10.222 [info] Got 1 sessions for ...
2025-12-09 17:27:10.224 [info] Getting sessions for read:user,repo,user:email,workflow...
2025-12-09 17:27:10.224 [info] Got 1 sessions for read:user,repo,user:email,workflow...
2025-12-09 17:32:10.223 [info] Getting sessions for all scopes...
2025-12-09 17:32:10.223 [info] Got 1 sessions for ...
2025-12-09 17:32:10.226 [info] Getting sessions for read:user,repo,user:email,workflow...
2025-12-09 17:32:10.226 [info] Got 1 sessions for read:user,repo,user:email,workflow...
2025-12-09 17:37:10.224 [info] Getting sessions for all scopes...
2025-12-09 17:37:10.224 [info] Got 1 sessions for ...
2025-12-09 17:37:10.227 [info] Getting sessions for read:user,repo,user:email,workflow...
2025-12-09 17:37:10.227 [info] Got 1 sessions for read:user,repo,user:email,workflow...
2025-12-09 17:42:10.228 [info] Getting sessions for all scopes...
2025-12-09 17:42:10.228 [info] Got 1 sessions for ...
2025-12-09 17:42:10.231 [info] Getting sessions for read:user,repo,user:email,workflow...
2025-12-09 17:42:10.231 [info] Got 1 sessions for read:user,repo,user:email,workflow...
2025-12-09 17:47:10.230 [info] Getting sessions for all scopes...
2025-12-09 17:47:10.230 [info] Got 1 sessions for ...
2025-12-09 17:47:10.233 [info] Getting sessions for read:user,repo,user:email,workflow...
2025-12-09 17:47:10.233 [info] Got 1 sessions for read:user,repo,user:email,workflow...
2025-12-09 17:52:10.235 [info] Getting sessions for all scopes...
2025-12-09 17:52:10.235 [info] Got 1 sessions for ...
2025-12-09 17:52:10.238 [info] Getting sessions for read:user,repo,user:email,workflow...
2025-12-09 17:52:10.238 [info] Got 1 sessions for read:user,repo,user:email,workflow...
2025-12-09 17:57:10.240 [info] Getting sessions for all scopes...
2025-12-09 17:57:10.240 [info] Got 1 sessions for ...
2025-12-09 17:57:10.242 [info] Getting sessions for read:user,repo,user:email,workflow...
2025-12-09 17:57:10.242 [info] Got 1 sessions for read:user,repo,user:email,workflow...
2025-12-09 18:02:10.242 [info] Getting sessions for all scopes...
2025-12-09 18:02:10.242 [info] Got 1 sessions for ...
2025-12-09 18:02:10.244 [info] Getting sessions for read:user,repo,user:email,workflow...
2025-12-09 18:02:10.244 [info] Got 1 sessions for read:user,repo,user:email,workflow...
2025-12-09 18:07:10.244 [info] Getting sessions for all scopes...
2025-12-09 18:07:10.245 [info] Got 1 sessions for ...
2025-12-09 18:07:10.247 [info] Getting sessions for read:user,repo,user:email,workflow...
2025-12-09 18:07:10.247 [info] Got 1 sessions for read:user,repo,user:email,workflow...
2025-12-09 18:12:10.247 [info] Getting sessions for all scopes...
2025-12-09 18:12:10.248 [info] Got 1 sessions for ...
2025-12-09 18:12:10.250 [info] Getting sessions for read:user,repo,user:email,workflow...
2025-12-09 18:12:10.251 [info] Got 1 sessions for read:user,repo,user:email,workflow...
2025-12-09 18:17:10.249 [info] Getting sessions for all scopes...
2025-12-09 18:17:10.249 [info] Got 1 sessions for ...
2025-12-09 18:17:10.252 [info] Getting sessions for read:user,repo,user:email,workflow...
2025-12-09 18:17:10.252 [info] Got 1 sessions for read:user,repo,user:email,workflow...
2025-12-09 18:22:10.251 [info] Getting sessions for all scopes...
2025-12-09 18:22:10.251 [info] Got 1 sessions for ...
2025-12-09 18:22:10.254 [info] Getting sessions for read:user,repo,user:email,workflow...
2025-12-09 18:22:10.254 [info] Got 1 sessions for read:user,repo,user:email,workflow...
2025-12-09 18:27:10.251 [info] Getting sessions for all scopes...
2025-12-09 18:27:10.252 [info] Got 1 sessions for ...
2025-12-09 18:27:10.253 [info] Getting sessions for read:user,repo,user:email,workflow...
2025-12-09 18:27:10.253 [info] Got 1 sessions for read:user,repo,user:email,workflow...
2025-12-09 18:32:10.252 [info] Getting sessions for all scopes...
2025-12-09 18:32:10.252 [info] Got 1 sessions for ...
2025-12-09 18:32:10.255 [info] Getting sessions for read:user,repo,user:email,workflow...
2025-12-09 18:32:10.255 [info] Got 1 sessions for read:user,repo,user:email,workflow...
2025-12-09 18:37:10.259 [info] Getting sessions for all scopes...
2025-12-09 18:37:10.259 [info] Got 1 sessions for ...
2025-12-09 18:37:10.261 [info] Getting sessions for read:user,repo,user:email,workflow...
2025-12-09 18:37:10.262 [info] Got 1 sessions for read:user,repo,user:email,workflow...
2025-12-09 18:42:10.260 [info] Getting sessions for all scopes...
2025-12-09 18:42:10.260 [info] Got 1 sessions for ...
2025-12-09 18:42:10.262 [info] Getting sessions for read:user,repo,user:email,workflow...
2025-12-09 18:42:10.263 [info] Got 1 sessions for read:user,repo,user:email,workflow...
2025-12-09 18:47:10.264 [info] Getting sessions for all scopes...
2025-12-09 18:47:10.265 [info] Got 1 sessions for ...
2025-12-09 18:47:10.267 [info] Getting sessions for read:user,repo,user:email,workflow...
2025-12-09 18:47:10.267 [info] Got 1 sessions for read:user,repo,user:email,workflow...
2025-12-09 18:52:10.267 [info] Getting sessions for all scopes...
2025-12-09 18:52:10.267 [info] Got 1 sessions for ...
2025-12-09 18:52:10.269 [info] Getting sessions for read:user,repo,user:email,workflow...
2025-12-09 18:52:10.269 [info] Got 1 sessions for read:user,repo,user:email,workflow...
2025-12-09 18:57:10.271 [info] Getting sessions for all scopes...
2025-12-09 18:57:10.271 [info] Got 1 sessions for ...
2025-12-09 18:57:10.273 [info] Getting sessions for read:user,repo,user:email,workflow...
2025-12-09 18:57:10.273 [info] Got 1 sessions for read:user,repo,user:email,workflow...
2025-12-09 19:02:10.271 [info] Getting sessions for all scopes...
2025-12-09 19:02:10.272 [info] Got 1 sessions for ...
2025-12-09 19:02:10.274 [info] Getting sessions for read:user,repo,user:email,workflow...
2025-12-09 19:02:10.274 [info] Got 1 sessions for read:user,repo,user:email,workflow...
2025-12-09 19:07:10.280 [info] Getting sessions for all scopes...
2025-12-09 19:07:10.281 [info] Got 1 sessions for ...
2025-12-09 19:07:10.282 [info] Getting sessions for read:user,repo,user:email,workflow...
2025-12-09 19:07:10.282 [info] Got 1 sessions for read:user,repo,user:email,workflow...
2025-12-09 19:12:10.306 [info] Getting sessions for all scopes...
2025-12-09 19:12:10.307 [info] Got 1 sessions for ...
2025-12-09 19:12:10.314 [info] Getting sessions for read:user,repo,user:email,workflow...
2025-12-09 19:12:10.314 [info] Got 1 sessions for read:user,repo,user:email,workflow...
2025-12-09 19:17:10.302 [info] Getting sessions for all scopes...
2025-12-09 19:17:10.302 [info] Got 1 sessions for ...
2025-12-09 19:17:10.304 [info] Getting sessions for read:user,repo,user:email,workflow...
2025-12-09 19:17:10.305 [info] Got 1 sessions for read:user,repo,user:email,workflow...
2025-12-09 19:22:10.306 [info] Getting sessions for all scopes...
2025-12-09 19:22:10.306 [info] Got 1 sessions for ...
2025-12-09 19:22:10.312 [info] Getting sessions for read:user,repo,user:email,workflow...
2025-12-09 19:22:10.312 [info] Got 1 sessions for read:user,repo,user:email,workflow...
2025-12-09 19:27:10.337 [info] Getting sessions for all scopes...
2025-12-09 19:27:10.337 [info] Got 1 sessions for ...
2025-12-09 19:27:10.342 [info] Getting sessions for read:user,repo,user:email,workflow...
2025-12-09 19:27:10.342 [info] Got 1 sessions for read:user,repo,user:email,workflow...
2025-12-09 19:32:10.331 [info] Getting sessions for all scopes...
2025-12-09 19:32:10.331 [info] Got 1 sessions for ...
2025-12-09 19:32:10.336 [info] Getting sessions for read:user,repo,user:email,workflow...
2025-12-09 19:32:10.336 [info] Got 1 sessions for read:user,repo,user:email,workflow...
2025-12-09 19:37:10.331 [info] Getting sessions for all scopes...
2025-12-09 19:37:10.331 [info] Got 1 sessions for ...
2025-12-09 19:37:10.333 [info] Getting sessions for read:user,repo,user:email,workflow...
2025-12-09 19:37:10.333 [info] Got 1 sessions for read:user,repo,user:email,workflow...
2025-12-09 19:42:10.351 [info] Getting sessions for all scopes...
2025-12-09 19:42:10.351 [info] Got 1 sessions for ...
2025-12-09 19:42:10.353 [info] Getting sessions for read:user,repo,user:email,workflow...
2025-12-09 19:42:10.354 [info] Got 1 sessions for read:user,repo,user:email,workflow...
2025-12-09 19:47:10.353 [info] Getting sessions for all scopes...
2025-12-09 19:47:10.353 [info] Got 1 sessions for ...
2025-12-09 19:47:10.354 [info] Getting sessions for read:user,repo,user:email,workflow...
2025-12-09 19:47:10.354 [info] Got 1 sessions for read:user,repo,user:email,workflow...
2025-12-09 19:52:10.357 [info] Getting sessions for all scopes...
2025-12-09 19:52:10.357 [info] Got 1 sessions for ...
2025-12-09 19:52:10.367 [info] Getting sessions for read:user,repo,user:email,workflow...
2025-12-09 19:52:10.367 [info] Got 1 sessions for read:user,repo,user:email,workflow...
2025-12-09 19:57:10.385 [info] Getting sessions for all scopes...
2025-12-09 19:57:10.385 [info] Got 1 sessions for ...
2025-12-09 19:57:10.391 [info] Getting sessions for read:user,repo,user:email,workflow...
2025-12-09 19:57:10.391 [info] Got 1 sessions for read:user,repo,user:email,workflow...
2025-12-09 20:02:10.383 [info] Getting sessions for all scopes...
2025-12-09 20:02:10.383 [info] Got 1 sessions for ...
2025-12-09 20:02:10.385 [info] Getting sessions for read:user,repo,user:email,workflow...
2025-12-09 20:02:10.385 [info] Got 1 sessions for read:user,repo,user:email,workflow...
2025-12-09 20:07:10.386 [info] Getting sessions for all scopes...
2025-12-09 20:07:10.386 [info] Got 1 sessions for ...
2025-12-09 20:07:10.388 [info] Getting sessions for read:user,repo,user:email,workflow...
2025-12-09 20:07:10.389 [info] Got 1 sessions for read:user,repo,user:email,workflow...
2025-12-11 22:40:13.762 [info] Getting sessions for all scopes...
2025-12-11 22:40:13.762 [info] Got 1 sessions for ...
2025-12-11 22:40:13.768 [info] Getting sessions for read:user,repo,user:email,workflow...
2025-12-11 22:40:13.768 [info] Got 1 sessions for read:user,repo,user:email,workflow...
2025-12-11 22:40:39.907 [info] Getting sessions for all scopes...
2025-12-11 22:40:39.907 [info] Got 1 sessions for ...
2025-12-11 22:40:39.907 [info] Getting sessions for all scopes...
2025-12-11 22:40:39.907 [info] Got 1 sessions for ...
2025-12-11 22:40:39.915 [info] Getting sessions for read:user,repo,user:email,workflow...
2025-12-11 22:40:39.915 [info] Got 1 sessions for read:user,repo,user:email,workflow...
2025-12-11 22:40:39.917 [info] Getting sessions for all scopes...
2025-12-11 22:40:39.917 [info] Got 1 sessions for ...
2025-12-11 22:40:39.917 [info] Getting sessions for read:user,repo,user:email,workflow...
2025-12-11 22:40:39.917 [info] Got 1 sessions for read:user,repo,user:email,workflow...
2025-12-11 22:40:40.371 [info] Getting sessions for all scopes...
2025-12-11 22:40:40.371 [info] Got 1 sessions for ...
2025-12-11 22:40:40.371 [info] Getting sessions for all scopes...
2025-12-11 22:40:40.371 [info] Got 1 sessions for ...
2025-12-11 22:40:40.378 [info] Getting sessions for all scopes...
2025-12-11 22:40:40.378 [info] Got 1 sessions for ...
2025-12-11 22:40:40.429 [info] Getting sessions for read:user,repo,user:email,workflow...
2025-12-11 22:40:40.429 [info] Got 1 sessions for read:user,repo,user:email,workflow...
2025-12-11 22:40:40.458 [info] Getting sessions for all scopes...
2025-12-11 22:40:40.458 [info] Got 1 sessions for ...
2025-12-11 22:40:40.459 [info] Getting sessions for read:user,repo,user:email,workflow...
2025-12-11 22:40:40.459 [info] Got 1 sessions for read:user,repo,user:email,workflow...
2025-12-11 22:45:13.671 [info] Getting sessions for all scopes...
2025-12-11 22:45:13.671 [info] Got 1 sessions for ...
2025-12-11 22:45:13.674 [info] Getting sessions for read:user,repo,user:email,workflow...
2025-12-11 22:45:13.675 [info] Got 1 sessions for read:user,repo,user:email,workflow...
