2025-12-09 02:21:12.636 [info] RunInTerminalTool#CommandLineFileWriteAnalyzer: File writes detected [[]]
2025-12-09 02:21:12.638 [info] RunInTerminalTool#CommandLineAutoApproveAnalyzer: Parsed sub-commands via bash grammar [["which hyprland waybar kitty rofi firefox nautilus hyprpaper mako nm-applet blueman-applet cliphist pavucontrol"]]
2025-12-09 02:21:12.638 [info] RunInTerminalTool#CommandLineAutoApproveAnalyzer: All sub-commands auto-approved [null]
2025-12-09 02:21:12.638 [info] RunInTerminalTool#CommandLineAutoApproveAnalyzer: - Command 'which hyprland waybar kitty rofi firefox nautilus hyprpaper mako nm-applet blueman-applet cliphist pavucontrol' is approved by allow list rule: which [null]
2025-12-09 02:21:12.638 [info] RunInTerminalTool#CommandLineAutoApproveAnalyzer: - Command line 'which hyprland waybar kitty rofi firefox nautilus hyprpaper mako nm-applet blueman-applet cliphist pavucontrol' has no matching auto approve entries [null]
2025-12-09 02:21:18.998 [info] ToolTerminalCreator#createTerminal: Waiting 4998ms for shell integration []
2025-12-09 02:21:19.004 [info] Latency measurements for local backend
window<->ptyhost (message port): 1.20ms
window<->ptyhostservice<->ptyhost: 1.10ms
ptyhostservice<->ptyhost: 0.75ms []
2025-12-09 02:21:24.002 [info] ToolTerminalCreator#_waitForShellIntegration: Timed out 4998ms, using no SI []
2025-12-09 02:21:24.002 [info] ToolTerminalCreator#_waitForShellIntegration: Promise complete, disposing store []
2025-12-09 02:21:42.152 [info] RunInTerminalTool#CommandLineFileWriteAnalyzer: File writes detected [[]]
2025-12-09 02:21:42.153 [info] RunInTerminalTool#CommandLineAutoApproveAnalyzer: Parsed sub-commands via bash grammar [["yay -S --needed --noconfirm rofi hyprpaper mako nautilus network-manager-applet blueman cliphist pavucontrol polkit-gnome"]]
2025-12-09 02:21:42.153 [info] RunInTerminalTool#CommandLineAutoApproveAnalyzer: All sub-commands NOT auto-approved [null]
2025-12-09 02:21:42.153 [info] RunInTerminalTool#CommandLineAutoApproveAnalyzer: Command line NOT auto-approved [null]
2025-12-09 02:21:42.153 [info] RunInTerminalTool#CommandLineAutoApproveAnalyzer: - Command 'yay -S --needed --noconfirm rofi hyprpaper mako nautilus network-manager-applet blueman cliphist pavucontrol polkit-gnome' has no matching auto approve entries [null]
2025-12-09 02:21:42.153 [info] RunInTerminalTool#CommandLineAutoApproveAnalyzer: - Command line 'yay -S --needed --noconfirm rofi hyprpaper mako nautilus network-manager-applet blueman cliphist pavucontrol polkit-gnome' has no matching auto approve entries [null]
2025-12-09 02:27:43.636 [info] RunInTerminalTool#CommandLineFileWriteAnalyzer: File writes detected [[]]
2025-12-09 02:27:43.637 [info] RunInTerminalTool#CommandLineAutoApproveAnalyzer: Parsed sub-commands via bash grammar [["chmod +x /home/alex/.config/install.sh"]]
2025-12-09 02:27:43.637 [info] RunInTerminalTool#CommandLineAutoApproveAnalyzer: Sub-command DENIED auto approval [null]
2025-12-09 02:27:43.637 [info] RunInTerminalTool#CommandLineAutoApproveAnalyzer: - Command 'chmod +x /home/alex/.config/install.sh' is denied by deny list rule: chmod [null]
2025-12-09 02:27:43.637 [info] RunInTerminalTool#CommandLineAutoApproveAnalyzer: - Command line 'chmod +x /home/alex/.config/install.sh' has no matching auto approve entries [null]
2025-12-11 22:42:05.241 [info] RunInTerminalTool: Command rewritten by Jan: Removed redundant cd command []
2025-12-11 22:42:05.241 [info] RunInTerminalTool#CommandLineFileWriteAnalyzer: File writes detected [[]]
2025-12-11 22:42:05.241 [info] RunInTerminalTool#CommandLineAutoApproveAnalyzer: Parsed sub-commands via bash grammar [["git status"]]
2025-12-11 22:42:05.241 [info] RunInTerminalTool#CommandLineAutoApproveAnalyzer: All sub-commands auto-approved [null]
2025-12-11 22:42:05.241 [info] RunInTerminalTool#CommandLineAutoApproveAnalyzer: - Command 'git status' is approved by allow list rule: git status [null]
2025-12-11 22:42:05.241 [info] RunInTerminalTool#CommandLineAutoApproveAnalyzer: - Command line 'git status' has no matching auto approve entries [null]
2025-12-11 22:42:08.628 [info] ToolTerminalCreator#createTerminal: Waiting 4999ms for shell integration []
2025-12-11 22:42:09.080 [info] ToolTerminalCreator#_waitForShellIntegration: Timed out 200ms, using basic SI (via listener) []
2025-12-11 22:42:09.080 [info] ToolTerminalCreator#_waitForShellIntegration: Promise complete, disposing store []
2025-12-11 22:42:15.506 [info] RunInTerminalTool: Command rewritten by Jan: Removed redundant cd command []
2025-12-11 22:42:15.514 [info] RunInTerminalTool#CommandLineFileWriteAnalyzer: File writes detected [[]]
2025-12-11 22:42:15.527 [info] RunInTerminalTool#CommandLineAutoApproveAnalyzer: Parsed sub-commands via bash grammar [["git init"]]
2025-12-11 22:42:15.527 [info] RunInTerminalTool#CommandLineAutoApproveAnalyzer: All sub-commands NOT auto-approved [null]
2025-12-11 22:42:15.527 [info] RunInTerminalTool#CommandLineAutoApproveAnalyzer: Command line NOT auto-approved [null]
2025-12-11 22:42:15.527 [info] RunInTerminalTool#CommandLineAutoApproveAnalyzer: - Command 'git init' has no matching auto approve entries [null]
2025-12-11 22:42:15.527 [info] RunInTerminalTool#CommandLineAutoApproveAnalyzer: - Command line 'git init' has no matching auto approve entries [null]
2025-12-11 22:42:41.998 [info] RunInTerminalTool: Command rewritten by Jan: Removed redundant cd command []
2025-12-11 22:42:41.998 [info] RunInTerminalTool#CommandLineFileWriteAnalyzer: File writes detected [[]]
2025-12-11 22:42:41.998 [info] RunInTerminalTool#CommandLineAutoApproveAnalyzer: Parsed sub-commands via bash grammar [["git init"]]
2025-12-11 22:42:41.998 [info] RunInTerminalTool#CommandLineAutoApproveAnalyzer: All sub-commands NOT auto-approved [null]
2025-12-11 22:42:41.998 [info] RunInTerminalTool#CommandLineAutoApproveAnalyzer: Command line NOT auto-approved [null]
2025-12-11 22:42:41.998 [info] RunInTerminalTool#CommandLineAutoApproveAnalyzer: - Command 'git init' has no matching auto approve entries [null]
2025-12-11 22:42:41.998 [info] RunInTerminalTool#CommandLineAutoApproveAnalyzer: - Command line 'git init' has no matching auto approve entries [null]
2025-12-11 22:42:56.870 [info] RunInTerminalTool: Command rewritten by Jan: Removed redundant cd command []
2025-12-11 22:42:56.881 [info] RunInTerminalTool#CommandLineFileWriteAnalyzer: File writes detected [[]]
2025-12-11 22:42:56.881 [info] RunInTerminalTool#CommandLineAutoApproveAnalyzer: Parsed sub-commands via bash grammar [["git remote add origin https://github.com/ajpeders/ArchConfig.git"]]
2025-12-11 22:42:56.882 [info] RunInTerminalTool#CommandLineAutoApproveAnalyzer: All sub-commands NOT auto-approved [null]
2025-12-11 22:42:56.883 [info] RunInTerminalTool#CommandLineAutoApproveAnalyzer: Command line NOT auto-approved [null]
2025-12-11 22:42:56.883 [info] RunInTerminalTool#CommandLineAutoApproveAnalyzer: - Command 'git remote add origin https://github.com/ajpeders/ArchConfig.git' has no matching auto approve entries [null]
2025-12-11 22:42:56.884 [info] RunInTerminalTool#CommandLineAutoApproveAnalyzer: - Command line 'git remote add origin https://github.com/ajpeders/ArchConfig.git' has no matching auto approve entries [null]
2025-12-11 22:43:20.198 [info] RunInTerminalTool: Command rewritten by Jan: Removed redundant cd command []
2025-12-11 22:43:20.210 [info] RunInTerminalTool#CommandLineFileWriteAnalyzer: File writes detected [[]]
2025-12-11 22:43:20.210 [info] RunInTerminalTool#CommandLineAutoApproveAnalyzer: Parsed sub-commands via bash grammar [["git fetch origin"]]
2025-12-11 22:43:20.210 [info] RunInTerminalTool#CommandLineAutoApproveAnalyzer: All sub-commands NOT auto-approved [null]
2025-12-11 22:43:20.210 [info] RunInTerminalTool#CommandLineAutoApproveAnalyzer: Command line NOT auto-approved [null]
2025-12-11 22:43:20.210 [info] RunInTerminalTool#CommandLineAutoApproveAnalyzer: - Command 'git fetch origin' has no matching auto approve entries [null]
2025-12-11 22:43:20.210 [info] RunInTerminalTool#CommandLineAutoApproveAnalyzer: - Command line 'git fetch origin' has no matching auto approve entries [null]
2025-12-11 22:43:29.758 [info] RunInTerminalTool: Command rewritten by Jan: Removed redundant cd command []
2025-12-11 22:43:29.767 [info] RunInTerminalTool#CommandLineFileWriteAnalyzer: File writes detected [[]]
2025-12-11 22:43:29.767 [info] RunInTerminalTool#CommandLineAutoApproveAnalyzer: Parsed sub-commands via bash grammar [["git branch -m main"]]
2025-12-11 22:43:29.767 [info] RunInTerminalTool#CommandLineAutoApproveAnalyzer: Sub-command DENIED auto approval [null]
2025-12-11 22:43:29.768 [info] RunInTerminalTool#CommandLineAutoApproveAnalyzer: - Command 'git branch -m main' is denied by deny list rule: /^git branch\b.*-(d|D|m|M|-delete|-force)\b/ [null]
2025-12-11 22:43:29.768 [info] RunInTerminalTool#CommandLineAutoApproveAnalyzer: - Command line 'git branch -m main' has no matching auto approve entries [null]
2025-12-11 22:43:38.556 [info] RunInTerminalTool: Command rewritten by Jan: Removed redundant cd command []
2025-12-11 22:43:38.556 [info] RunInTerminalTool#CommandLineFileWriteAnalyzer: File writes detected [[]]
2025-12-11 22:43:38.558 [info] RunInTerminalTool#CommandLineAutoApproveAnalyzer: Parsed sub-commands via bash grammar [["git branch --set-upstream-to=origin/main main"]]
2025-12-11 22:43:38.559 [info] RunInTerminalTool#CommandLineAutoApproveAnalyzer: All sub-commands auto-approved [null]
2025-12-11 22:43:38.559 [info] RunInTerminalTool#CommandLineAutoApproveAnalyzer: - Command 'git branch --set-upstream-to=origin/main main' is approved by allow list rule: git branch [null]
2025-12-11 22:43:38.559 [info] RunInTerminalTool#CommandLineAutoApproveAnalyzer: - Command line 'git branch --set-upstream-to=origin/main main' has no matching auto approve entries [null]
2025-12-11 22:43:48.626 [info] RunInTerminalTool: Command rewritten by Jan: Removed redundant cd command []
2025-12-11 22:43:48.636 [info] RunInTerminalTool#CommandLineFileWriteAnalyzer: File writes detected [[]]
2025-12-11 22:43:48.638 [info] RunInTerminalTool#CommandLineAutoApproveAnalyzer: Parsed sub-commands via bash grammar [["git add -A","git commit -m \"Local configuration updates\""]]
2025-12-11 22:43:48.638 [info] RunInTerminalTool#CommandLineAutoApproveAnalyzer: All sub-commands NOT auto-approved [null]
2025-12-11 22:43:48.638 [info] RunInTerminalTool#CommandLineAutoApproveAnalyzer: Command line NOT auto-approved [null]
2025-12-11 22:43:48.638 [info] RunInTerminalTool#CommandLineAutoApproveAnalyzer: - Command 'git add -A' has no matching auto approve entries [null]
2025-12-11 22:43:48.638 [info] RunInTerminalTool#CommandLineAutoApproveAnalyzer: - Command 'git commit -m "Local configuration updates"' has no matching auto approve entries [null]
2025-12-11 22:43:48.638 [info] RunInTerminalTool#CommandLineAutoApproveAnalyzer: - Command line 'git add -A && git commit -m "Local configuration updates"' has no matching auto approve entries [null]
2025-12-11 22:44:52.961 [info] RunInTerminalTool: Command rewritten by Jan: Removed redundant cd command []
2025-12-11 22:44:52.961 [info] RunInTerminalTool#CommandLineFileWriteAnalyzer: File writes detected [[]]
2025-12-11 22:44:52.961 [info] RunInTerminalTool#CommandLineAutoApproveAnalyzer: Parsed sub-commands via bash grammar [["git branch -m mac"]]
2025-12-11 22:44:52.961 [info] RunInTerminalTool#CommandLineAutoApproveAnalyzer: Sub-command DENIED auto approval [null]
2025-12-11 22:44:52.961 [info] RunInTerminalTool#CommandLineAutoApproveAnalyzer: - Command 'git branch -m mac' is denied by deny list rule: /^git branch\b.*-(d|D|m|M|-delete|-force)\b/ [null]
2025-12-11 22:44:52.961 [info] RunInTerminalTool#CommandLineAutoApproveAnalyzer: - Command line 'git branch -m mac' has no matching auto approve entries [null]
