2025-12-09 02:16:32.360 [info] [aebc6443-996d-45c2-90f0-388ff96faa56] Native Broker is only available on Windows and macOS
2025-12-09 02:16:32.387 [info] [getSessions] [all] starting
2025-12-09 02:16:32.387 [info] [getSessions] [all] returned 0 session(s)
2025-12-09 02:16:32.387 [info] [getSessions] [all] starting
2025-12-09 02:16:32.387 [info] [getSessions] [all] returned 0 session(s)
2025-12-09 02:16:32.387 [info] [getSessions] [all] starting
2025-12-09 02:16:32.387 [info] [getSessions] [all] returned 0 session(s)
2025-12-09 02:16:32.403 [info] [getSessions] [499b84ac-1321-427f-aa17-267ca6975798/.default offline_access] starting
2025-12-09 02:16:32.403 [info] [aebc6443-996d-45c2-90f0-388ff96faa56] Native Broker is only available on Windows and macOS
2025-12-09 02:16:32.502 [info] [getSessions] [499b84ac-1321-427f-aa17-267ca6975798/.default offline_access] returned 0 session(s)
2025-12-09 02:16:32.718 [info] [getSessions] [499b84ac-1321-427f-aa17-267ca6975798/.default offline_access] starting
2025-12-09 02:16:32.718 [info] [getSessions] [499b84ac-1321-427f-aa17-267ca6975798/.default offline_access] returned 0 session(s)
2025-12-09 06:06:44.196 [info] [getSessions] [499b84ac-1321-427f-aa17-267ca6975798/.default offline_access] starting
2025-12-09 06:06:44.198 [info] [getSessions] [499b84ac-1321-427f-aa17-267ca6975798/.default offline_access] returned 0 session(s)
2025-12-09 06:06:44.784 [info] [getSessions] [499b84ac-1321-427f-aa17-267ca6975798/.default offline_access] starting
2025-12-09 06:06:44.784 [info] [getSessions] [499b84ac-1321-427f-aa17-267ca6975798/.default offline_access] returned 0 session(s)
2025-12-11 22:40:39.907 [info] [getSessions] [499b84ac-1321-427f-aa17-267ca6975798/.default offline_access] starting
2025-12-11 22:40:39.908 [info] [getSessions] [499b84ac-1321-427f-aa17-267ca6975798/.default offline_access] returned 0 session(s)
2025-12-11 22:40:40.371 [info] [getSessions] [499b84ac-1321-427f-aa17-267ca6975798/.default offline_access] starting
2025-12-11 22:40:40.371 [info] [getSessions] [499b84ac-1321-427f-aa17-267ca6975798/.default offline_access] returned 0 session(s)
