2025-12-09 02:13:01.857 [info] Reading sessions from keychain...
2025-12-09 02:13:01.857 [info] Getting sessions for all scopes...
2025-12-09 02:13:01.857 [info] Got 0 sessions for ...
2025-12-09 02:13:01.857 [info] Getting sessions for all scopes...
2025-12-09 02:13:01.857 [info] Got 0 sessions for ...
2025-12-09 02:13:01.857 [info] Getting sessions for all scopes...
2025-12-09 02:13:01.857 [info] Got 0 sessions for ...
2025-12-09 02:13:01.857 [info] Getting sessions for all scopes...
2025-12-09 02:13:01.857 [info] Got 0 sessions for ...
2025-12-09 02:13:01.857 [info] Getting sessions for all scopes...
2025-12-09 02:13:01.857 [info] Got 0 sessions for ...
2025-12-09 02:13:01.857 [info] Getting sessions for all scopes...
2025-12-09 02:13:01.857 [info] Got 0 sessions for ...
2025-12-09 02:13:01.857 [info] Getting sessions for all scopes...
2025-12-09 02:13:01.857 [info] Got 0 sessions for ...
2025-12-09 02:13:01.857 [info] Getting sessions for all scopes...
2025-12-09 02:13:01.857 [info] Got 0 sessions for ...
2025-12-09 02:13:01.857 [info] Getting sessions for all scopes...
2025-12-09 02:13:01.857 [info] Got 0 sessions for ...
2025-12-09 02:13:01.857 [info] Getting sessions for all scopes...
2025-12-09 02:13:01.857 [info] Got 0 sessions for ...
2025-12-09 02:13:01.857 [info] Getting sessions for all scopes...
2025-12-09 02:13:01.857 [info] Got 0 sessions for ...
2025-12-09 02:13:01.857 [info] Getting sessions for all scopes...
2025-12-09 02:13:01.857 [info] Got 0 sessions for ...
2025-12-09 02:13:01.857 [info] Getting sessions for all scopes...
2025-12-09 02:13:01.857 [info] Got 0 sessions for ...
2025-12-09 02:13:01.857 [info] Getting sessions for all scopes...
2025-12-09 02:13:01.857 [info] Got 0 sessions for ...
2025-12-09 02:13:01.857 [info] Getting sessions for all scopes...
2025-12-09 02:13:01.857 [info] Got 0 sessions for ...
2025-12-09 02:13:03.481 [info] Getting sessions for all scopes...
2025-12-09 02:13:03.481 [info] Got 0 sessions for ...
2025-12-09 02:14:35.665 [info] Getting sessions for all scopes...
2025-12-09 02:14:35.665 [info] Got 0 sessions for ...
2025-12-09 02:14:35.665 [info] Getting sessions for all scopes...
2025-12-09 02:14:35.665 [info] Got 0 sessions for ...
2025-12-09 02:14:35.779 [info] Getting sessions for user:email...
2025-12-09 02:14:35.779 [info] Got 0 sessions for user:email...
2025-12-09 02:14:35.781 [info] Getting sessions for read:user,repo,user:email,workflow...
2025-12-09 02:14:35.781 [info] Got 0 sessions for read:user,repo,user:email,workflow...
2025-12-09 02:14:35.954 [info] Getting sessions for all scopes...
2025-12-09 02:14:35.954 [info] Got 0 sessions for ...
2025-12-09 02:14:35.979 [info] Getting sessions for all scopes...
2025-12-09 02:14:35.979 [info] Got 0 sessions for ...
2025-12-09 02:14:35.979 [info] Getting sessions for read:user,repo,user:email,workflow...
2025-12-09 02:14:35.979 [info] Got 0 sessions for read:user,repo,user:email,workflow...
2025-12-09 02:14:35.981 [info] Getting sessions for all scopes...
2025-12-09 02:14:35.981 [info] Got 0 sessions for ...
2025-12-09 02:14:35.981 [info] Getting sessions for all scopes...
2025-12-09 02:14:35.981 [info] Got 0 sessions for ...
2025-12-09 02:14:35.983 [info] Getting sessions for all scopes...
2025-12-09 02:14:35.983 [info] Got 0 sessions for ...
2025-12-09 02:14:36.261 [info] Getting sessions for read:user...
2025-12-09 02:14:36.261 [info] Got 0 sessions for read:user...
2025-12-09 02:14:36.261 [info] Getting sessions for user:email...
2025-12-09 02:14:36.261 [info] Got 0 sessions for user:email...
2025-12-09 02:14:36.261 [info] Getting sessions for read:user,repo,user:email,workflow...
2025-12-09 02:14:36.261 [info] Got 0 sessions for read:user,repo,user:email,workflow...
2025-12-09 02:14:36.265 [info] Getting sessions for user:email...
2025-12-09 02:14:36.265 [info] Got 0 sessions for user:email...
2025-12-09 02:14:36.500 [info] Getting sessions for all scopes...
2025-12-09 02:14:36.500 [info] Got 0 sessions for ...
2025-12-09 02:14:36.500 [info] Getting sessions for all scopes...
2025-12-09 02:14:36.500 [info] Got 0 sessions for ...
2025-12-09 02:14:36.512 [info] Getting sessions for user:email...
2025-12-09 02:14:36.512 [info] Got 0 sessions for user:email...
2025-12-09 02:14:36.512 [info] Getting sessions for read:user,repo,user:email,workflow...
2025-12-09 02:14:36.512 [info] Got 0 sessions for read:user,repo,user:email,workflow...
2025-12-09 02:14:36.515 [info] Getting sessions for all scopes...
2025-12-09 02:14:36.515 [info] Got 0 sessions for ...
2025-12-09 02:14:36.517 [info] Getting sessions for user:email...
2025-12-09 02:14:36.517 [info] Got 0 sessions for user:email...
2025-12-09 02:14:40.135 [info] Getting sessions for all scopes...
2025-12-09 02:14:40.135 [info] Got 0 sessions for ...
2025-12-09 02:14:40.136 [info] Getting sessions for all scopes...
2025-12-09 02:14:40.136 [info] Got 0 sessions for ...
2025-12-09 02:14:40.136 [info] Getting sessions for all scopes...
2025-12-09 02:14:40.136 [info] Got 0 sessions for ...
2025-12-09 02:14:40.155 [info] Getting sessions for all scopes...
2025-12-09 02:14:40.155 [info] Got 0 sessions for ...
2025-12-09 02:14:40.173 [info] Getting sessions for user:email...
2025-12-09 02:14:40.173 [info] Got 0 sessions for user:email...
2025-12-09 02:14:40.173 [info] Getting sessions for read:user,repo,user:email,workflow...
2025-12-09 02:14:40.173 [info] Got 0 sessions for read:user,repo,user:email,workflow...
2025-12-09 02:14:54.656 [info] Logging in with 'any' account...
2025-12-09 02:14:54.656 [info] Logging in for the following scopes: read:user repo user:email workflow
2025-12-09 02:14:54.671 [info] Trying with local server... (read:user repo user:email workflow)
2025-12-09 02:15:18.240 [info] Exchanging code for token...
2025-12-09 02:15:18.537 [info] Token exchange success!
2025-12-09 02:15:18.539 [info] Getting user info...
2025-12-09 02:15:18.784 [info] Got account info!
2025-12-09 02:15:18.785 [info] Storing 1 sessions...
2025-12-09 02:15:18.787 [info] Reading sessions from keychain...
2025-12-09 02:15:18.787 [info] Stored 1 sessions!
2025-12-09 02:15:18.787 [info] Login success!
2025-12-09 02:15:18.787 [info] Getting sessions for all scopes...
2025-12-09 02:15:18.792 [info] Got stored sessions!
2025-12-09 02:15:18.793 [info] Got 1 verified sessions.
2025-12-09 02:15:18.793 [info] Got 1 sessions for ...
2025-12-09 02:15:18.793 [info] Getting sessions for all scopes...
2025-12-09 02:15:18.793 [info] Got 1 sessions for ...
2025-12-09 02:15:18.794 [info] Getting sessions for all scopes...
2025-12-09 02:15:18.794 [info] Got 1 sessions for ...
2025-12-09 02:15:18.794 [info] Getting sessions for all scopes...
2025-12-09 02:15:18.794 [info] Got 1 sessions for ...
2025-12-09 02:15:18.794 [info] Getting sessions for all scopes...
2025-12-09 02:15:18.794 [info] Got 1 sessions for ...
2025-12-09 02:15:18.795 [info] Getting sessions for read:user,repo,user:email,workflow...
2025-12-09 02:15:18.795 [info] Got 1 sessions for read:user,repo,user:email,workflow...
2025-12-09 02:15:18.820 [info] Getting sessions for read:user,repo,user:email,workflow...
2025-12-09 02:15:18.820 [info] Got 1 sessions for read:user,repo,user:email,workflow...
2025-12-09 02:15:18.837 [info] Getting sessions for all scopes...
2025-12-09 02:15:18.837 [info] Got 1 sessions for ...
2025-12-09 02:15:18.838 [info] Getting sessions for read:user,repo,user:email,workflow...
2025-12-09 02:15:18.838 [info] Got 1 sessions for read:user,repo,user:email,workflow...
2025-12-09 02:15:18.975 [info] FetcherService: Electron fetch failed with status: 429 
2025-12-09 02:15:19.156 [info] Getting sessions for all scopes...
2025-12-09 02:15:19.156 [info] Got 1 sessions for ...
2025-12-09 02:15:19.157 [info] Getting sessions for all scopes...
2025-12-09 02:15:19.157 [info] Got 1 sessions for ...
2025-12-09 02:15:19.158 [info] Getting sessions for read:user,repo,user:email,workflow...
2025-12-09 02:15:19.158 [info] Got 1 sessions for read:user,repo,user:email,workflow...
2025-12-09 02:15:19.162 [info] FetcherService: Node fetch failed with status: 429 Too Many Requests
2025-12-09 02:15:19.172 [info] Getting sessions for all scopes...
2025-12-09 02:15:19.172 [info] Got 1 sessions for ...
2025-12-09 02:15:19.172 [info] Getting sessions for all scopes...
2025-12-09 02:15:19.172 [info] Got 1 sessions for ...
2025-12-09 02:15:19.173 [info] Getting sessions for read:user,repo,user:email,workflow...
2025-12-09 02:15:19.173 [info] Got 1 sessions for read:user,repo,user:email,workflow...
2025-12-09 02:15:19.261 [info] Getting sessions for all scopes...
2025-12-09 02:15:19.261 [info] Got 1 sessions for ...
2025-12-09 02:15:19.262 [info] Getting sessions for read:user,repo,user:email,workflow...
2025-12-09 02:15:19.262 [info] Got 1 sessions for read:user,repo,user:email,workflow...
2025-12-09 02:15:19.263 [info] Getting sessions for read:user,repo,user:email,workflow...
2025-12-09 02:15:19.263 [info] Got 1 sessions for read:user,repo,user:email,workflow...
2025-12-09 02:15:19.371 [info] FetcherService: Node http/s failed with status: 429 Too Many Requests
2025-12-09 02:15:45.446 [info] Getting sessions for all scopes...
2025-12-09 02:15:45.446 [info] Got 1 sessions for ...
2025-12-09 02:15:45.458 [info] Getting sessions for all scopes...
2025-12-09 02:15:45.458 [info] Got 1 sessions for ...
2025-12-09 02:15:45.862 [info] Getting sessions for all scopes...
2025-12-09 02:15:45.862 [info] Got 1 sessions for ...
2025-12-09 02:15:45.864 [info] Getting sessions for all scopes...
2025-12-09 02:15:45.864 [info] Got 1 sessions for ...
